{"/home/travis/build/npmtest/node-npmtest-typeset/test.js":{"path":"/home/travis/build/npmtest/node-npmtest-typeset/test.js","s":{"1":2,"2":2,"3":2,"4":2,"5":2,"6":2,"7":2,"8":1,"9":2,"10":2,"11":1,"12":1,"13":1,"14":1,"15":2,"16":2,"17":2,"18":2,"19":1,"20":1,"21":2,"22":2,"23":2,"24":1,"25":1,"26":1,"27":1,"28":1,"29":1,"30":1,"31":1,"32":1,"33":1,"34":1,"35":1,"36":1,"37":1,"38":1,"39":2,"40":2,"41":1,"42":2,"43":2,"44":1,"45":2,"46":2,"47":1,"48":2,"49":2,"50":1,"51":1,"52":1,"53":1,"54":1},"b":{"1":[2,1,1,1],"2":[1,1,1,1],"3":[1,1],"4":[1,1],"5":[1,1],"6":[1,1],"7":[1,1],"8":[1,1],"9":[1,1],"10":[1,1,1],"11":[1,1],"12":[1,1],"13":[1,1],"14":[1,1],"15":[1,1],"16":[1,1],"17":[1,1]},"f":{"1":2,"2":2,"3":2,"4":2,"5":2,"6":1,"7":1,"8":1,"9":2,"10":2,"11":2,"12":2,"13":1},"fnMap":{"1":{"name":"(anonymous_1)","line":12,"loc":{"start":{"line":12,"column":1},"end":{"line":12,"column":13}}},"2":{"name":"(anonymous_2)","line":19,"loc":{"start":{"line":19,"column":5},"end":{"line":19,"column":17}}},"3":{"name":"(anonymous_3)","line":23,"loc":{"start":{"line":23,"column":24},"end":{"line":23,"column":36}}},"4":{"name":"(anonymous_4)","line":61,"loc":{"start":{"line":61,"column":5},"end":{"line":61,"column":17}}},"5":{"name":"(anonymous_5)","line":82,"loc":{"start":{"line":82,"column":5},"end":{"line":82,"column":17}}},"6":{"name":"(anonymous_6)","line":91,"loc":{"start":{"line":91,"column":77},"end":{"line":94,"column":10}}},"7":{"name":"(anonymous_7)","line":112,"loc":{"start":{"line":112,"column":83},"end":{"line":115,"column":10}},"skip":true},"8":{"name":"(anonymous_8)","line":123,"loc":{"start":{"line":123,"column":77},"end":{"line":126,"column":10}},"skip":true},"9":{"name":"(anonymous_9)","line":139,"loc":{"start":{"line":139,"column":12},"end":{"line":139,"column":40}},"skip":true},"10":{"name":"(anonymous_10)","line":147,"loc":{"start":{"line":147,"column":77},"end":{"line":150,"column":10}},"skip":true},"11":{"name":"(anonymous_11)","line":158,"loc":{"start":{"line":158,"column":83},"end":{"line":161,"column":10}},"skip":true},"12":{"name":"(anonymous_12)","line":169,"loc":{"start":{"line":169,"column":79},"end":{"line":172,"column":10}},"skip":true},"13":{"name":"(anonymous_13)","line":180,"loc":{"start":{"line":180,"column":75},"end":{"line":183,"column":10}},"skip":true}},"statementMap":{"1":{"start":{"line":12,"column":0},"end":{"line":195,"column":5}},"2":{"start":{"line":14,"column":4},"end":{"line":14,"column":14}},"3":{"start":{"line":19,"column":4},"end":{"line":56,"column":9}},"4":{"start":{"line":21,"column":8},"end":{"line":21,"column":19}},"5":{"start":{"line":23,"column":8},"end":{"line":35,"column":13}},"6":{"start":{"line":24,"column":12},"end":{"line":34,"column":13}},"7":{"start":{"line":25,"column":16},"end":{"line":28,"column":30}},"8":{"start":{"line":30,"column":16},"end":{"line":33,"column":27}},"9":{"start":{"line":37,"column":8},"end":{"line":39,"column":21}},"10":{"start":{"line":40,"column":8},"end":{"line":53,"column":9}},"11":{"start":{"line":43,"column":12},"end":{"line":46,"column":14}},"12":{"start":{"line":47,"column":12},"end":{"line":47,"column":18}},"13":{"start":{"line":50,"column":12},"end":{"line":51,"column":46}},"14":{"start":{"line":52,"column":12},"end":{"line":52,"column":18}},"15":{"start":{"line":55,"column":8},"end":{"line":55,"column":35}},"16":{"start":{"line":61,"column":4},"end":{"line":63,"column":9}},"17":{"start":{"line":62,"column":8},"end":{"line":62,"column":15}},"18":{"start":{"line":64,"column":4},"end":{"line":77,"column":5}},"19":{"start":{"line":70,"column":8},"end":{"line":70,"column":14}},"20":{"start":{"line":76,"column":8},"end":{"line":76,"column":14}},"21":{"start":{"line":82,"column":4},"end":{"line":84,"column":9}},"22":{"start":{"line":83,"column":8},"end":{"line":83,"column":15}},"23":{"start":{"line":85,"column":4},"end":{"line":194,"column":5}},"24":{"start":{"line":91,"column":8},"end":{"line":99,"column":10}},"25":{"start":{"line":98,"column":12},"end":{"line":98,"column":35}},"26":{"start":{"line":102,"column":8},"end":{"line":104,"column":63}},"27":{"start":{"line":105,"column":8},"end":{"line":105,"column":14}},"28":{"start":{"line":112,"column":8},"end":{"line":121,"column":10},"skip":true},"29":{"start":{"line":119,"column":12},"end":{"line":119,"column":55},"skip":true},"30":{"start":{"line":120,"column":12},"end":{"line":120,"column":48},"skip":true},"31":{"start":{"line":123,"column":8},"end":{"line":136,"column":10},"skip":true},"32":{"start":{"line":130,"column":12},"end":{"line":130,"column":76},"skip":true},"33":{"start":{"line":131,"column":12},"end":{"line":131,"column":73},"skip":true},"34":{"start":{"line":132,"column":12},"end":{"line":132,"column":74},"skip":true},"35":{"start":{"line":133,"column":12},"end":{"line":133,"column":79},"skip":true},"36":{"start":{"line":134,"column":12},"end":{"line":134,"column":25},"skip":true},"37":{"start":{"line":135,"column":12},"end":{"line":135,"column":45},"skip":true},"38":{"start":{"line":138,"column":8},"end":{"line":145,"column":14},"skip":true},"39":{"start":{"line":143,"column":16},"end":{"line":143,"column":29},"skip":true},"40":{"start":{"line":144,"column":16},"end":{"line":144,"column":55},"skip":true},"41":{"start":{"line":147,"column":8},"end":{"line":156,"column":10},"skip":true},"42":{"start":{"line":154,"column":12},"end":{"line":154,"column":25},"skip":true},"43":{"start":{"line":155,"column":12},"end":{"line":155,"column":45},"skip":true},"44":{"start":{"line":158,"column":8},"end":{"line":167,"column":10},"skip":true},"45":{"start":{"line":165,"column":12},"end":{"line":165,"column":25},"skip":true},"46":{"start":{"line":166,"column":12},"end":{"line":166,"column":48},"skip":true},"47":{"start":{"line":169,"column":8},"end":{"line":178,"column":10},"skip":true},"48":{"start":{"line":176,"column":12},"end":{"line":176,"column":25},"skip":true},"49":{"start":{"line":177,"column":12},"end":{"line":177,"column":46},"skip":true},"50":{"start":{"line":180,"column":8},"end":{"line":189,"column":10},"skip":true},"51":{"start":{"line":187,"column":12},"end":{"line":187,"column":94},"skip":true},"52":{"start":{"line":188,"column":12},"end":{"line":188,"column":48},"skip":true},"53":{"start":{"line":192,"column":8},"end":{"line":192,"column":35},"skip":true},"54":{"start":{"line":193,"column":8},"end":{"line":193,"column":14},"skip":true}},"branchMap":{"1":{"line":25,"type":"binary-expr","locations":[{"start":{"line":25,"column":23},"end":{"line":25,"column":62}},{"start":{"line":26,"column":20},"end":{"line":26,"column":70}},{"start":{"line":27,"column":20},"end":{"line":27,"column":71}},{"start":{"line":28,"column":20},"end":{"line":28,"column":29}}]},"2":{"line":30,"type":"binary-expr","locations":[{"start":{"line":30,"column":23},"end":{"line":30,"column":37}},{"start":{"line":31,"column":20},"end":{"line":31,"column":61}},{"start":{"line":32,"column":20},"end":{"line":32,"column":70}},{"start":{"line":33,"column":20},"end":{"line":33,"column":26}}]},"3":{"line":37,"type":"cond-expr","locations":[{"start":{"line":38,"column":14},"end":{"line":38,"column":20}},{"start":{"line":39,"column":14},"end":{"line":39,"column":20}}]},"4":{"line":40,"type":"switch","locations":[{"start":{"line":42,"column":8},"end":{"line":47,"column":18}},{"start":{"line":49,"column":8},"end":{"line":52,"column":18}}]},"5":{"line":44,"type":"binary-expr","locations":[{"start":{"line":44,"column":16},"end":{"line":44,"column":44}},{"start":{"line":44,"column":48},"end":{"line":44,"column":66}}]},"6":{"line":50,"type":"binary-expr","locations":[{"start":{"line":50,"column":21},"end":{"line":50,"column":49}},{"start":{"line":50,"column":53},"end":{"line":50,"column":72}}]},"7":{"line":64,"type":"switch","locations":[{"start":{"line":69,"column":4},"end":{"line":70,"column":14}},{"start":{"line":75,"column":4},"end":{"line":76,"column":14}}]},"8":{"line":85,"type":"switch","locations":[{"start":{"line":90,"column":4},"end":{"line":105,"column":14}},{"start":{"line":111,"column":4},"end":{"line":193,"column":14},"skip":true}]},"9":{"line":91,"type":"binary-expr","locations":[{"start":{"line":91,"column":42},"end":{"line":91,"column":73}},{"start":{"line":91,"column":77},"end":{"line":99,"column":9}}]},"10":{"line":102,"type":"binary-expr","locations":[{"start":{"line":102,"column":18},"end":{"line":102,"column":32}},{"start":{"line":103,"column":12},"end":{"line":103,"column":53}},{"start":{"line":104,"column":12},"end":{"line":104,"column":61}}]},"11":{"line":112,"type":"binary-expr","locations":[{"start":{"line":112,"column":45},"end":{"line":112,"column":79},"skip":true},{"start":{"line":112,"column":83},"end":{"line":121,"column":9},"skip":true}]},"12":{"line":123,"type":"binary-expr","locations":[{"start":{"line":123,"column":42},"end":{"line":123,"column":73},"skip":true},{"start":{"line":123,"column":77},"end":{"line":136,"column":9},"skip":true}]},"13":{"line":138,"type":"binary-expr","locations":[{"start":{"line":138,"column":48},"end":{"line":138,"column":85},"skip":true},{"start":{"line":139,"column":12},"end":{"line":145,"column":13},"skip":true}]},"14":{"line":147,"type":"binary-expr","locations":[{"start":{"line":147,"column":42},"end":{"line":147,"column":73},"skip":true},{"start":{"line":147,"column":77},"end":{"line":156,"column":9},"skip":true}]},"15":{"line":158,"type":"binary-expr","locations":[{"start":{"line":158,"column":45},"end":{"line":158,"column":79},"skip":true},{"start":{"line":158,"column":83},"end":{"line":167,"column":9},"skip":true}]},"16":{"line":169,"type":"binary-expr","locations":[{"start":{"line":169,"column":43},"end":{"line":169,"column":75},"skip":true},{"start":{"line":169,"column":79},"end":{"line":178,"column":9},"skip":true}]},"17":{"line":180,"type":"binary-expr","locations":[{"start":{"line":180,"column":41},"end":{"line":180,"column":71},"skip":true},{"start":{"line":180,"column":75},"end":{"line":189,"column":9},"skip":true}]}},"code":["/* istanbul instrument in package npmtest_typeset */","/*jslint","    bitwise: true,","    browser: true,","    maxerr: 8,","    maxlen: 96,","    node: true,","    nomen: true,","    regexp: true,","    stupid: true","*/","(function () {","    'use strict';","    var local;","","","","    // run shared js-env code - pre-init","    (function () {","        // init local","        local = {};","        // init modeJs","        local.modeJs = (function () {","            try {","                return typeof navigator.userAgent === 'string' &&","                    typeof document.querySelector('body') === 'object' &&","                    typeof XMLHttpRequest.prototype.open === 'function' &&","                    'browser';","            } catch (errorCaughtBrowser) {","                return module.exports &&","                    typeof process.versions.node === 'string' &&","                    typeof require('http').createServer === 'function' &&","                    'node';","            }","        }());","        // init global","        local.global = local.modeJs === 'browser'","            ? window","            : global;","        switch (local.modeJs) {","        // re-init local from window.local","        case 'browser':","            local = local.global.utility2.objectSetDefault(","                local.global.utility2_rollup || local.global.local,","                local.global.utility2","            );","            break;","        // re-init local from example.js","        case 'node':","            local = (local.global.utility2_rollup || require('utility2'))","                .requireExampleJsFromReadme();","            break;","        }","        // export local","        local.global.local = local;","    }());","","","","    // run shared js-env code - function","    (function () {","        return;","    }());","    switch (local.modeJs) {","","","","    // run browser js-env code - function","    case 'browser':","        break;","","","","    // run node js-env code - function","    case 'node':","        break;","    }","","","","    // run shared js-env code - post-init","    (function () {","        return;","    }());","    switch (local.modeJs) {","","","","    // run browser js-env code - post-init","    case 'browser':","        local.testCase_browser_nullCase = local.testCase_browser_nullCase || function (","            options,","            onError","        ) {","        /*","         * this function will test browsers's null-case handling-behavior-behavior","         */","            onError(null, options);","        };","","        // run tests","        local.nop(local.modeTest &&","            document.querySelector('#testRunButton1') &&","            document.querySelector('#testRunButton1').click());","        break;","","","","    // run node js-env code - post-init","    /* istanbul ignore next */","    case 'node':","        local.testCase_buildApidoc_default = local.testCase_buildApidoc_default || function (","            options,","            onError","        ) {","        /*","         * this function will test buildApidoc's default handling-behavior-behavior","         */","            options = { modulePathList: module.paths };","            local.buildApidoc(options, onError);","        };","","        local.testCase_buildApp_default = local.testCase_buildApp_default || function (","            options,","            onError","        ) {","        /*","         * this function will test buildApp's default handling-behavior-behavior","         */","            local.testCase_buildReadme_default(options, local.onErrorThrow);","            local.testCase_buildLib_default(options, local.onErrorThrow);","            local.testCase_buildTest_default(options, local.onErrorThrow);","            local.testCase_buildCustomOrg_default(options, local.onErrorThrow);","            options = [];","            local.buildApp(options, onError);","        };","","        local.testCase_buildCustomOrg_default = local.testCase_buildCustomOrg_default ||","            function (options, onError) {","            /*","             * this function will test buildCustomOrg's default handling-behavior","             */","                options = {};","                local.buildCustomOrg(options, onError);","            };","","        local.testCase_buildLib_default = local.testCase_buildLib_default || function (","            options,","            onError","        ) {","        /*","         * this function will test buildLib's default handling-behavior","         */","            options = {};","            local.buildLib(options, onError);","        };","","        local.testCase_buildReadme_default = local.testCase_buildReadme_default || function (","            options,","            onError","        ) {","        /*","         * this function will test buildReadme's default handling-behavior-behavior","         */","            options = {};","            local.buildReadme(options, onError);","        };","","        local.testCase_buildTest_default = local.testCase_buildTest_default || function (","            options,","            onError","        ) {","        /*","         * this function will test buildTest's default handling-behavior","         */","            options = {};","            local.buildTest(options, onError);","        };","","        local.testCase_webpage_default = local.testCase_webpage_default || function (","            options,","            onError","        ) {","        /*","         * this function will test webpage's default handling-behavior","         */","            options = { modeCoverageMerge: true, url: local.serverLocalHost + '?modeTest=1' };","            local.browserTest(options, onError);","        };","","        // run test-server","        local.testRunServer(local);","        break;","    }","}());",""],"l":{"12":2,"14":2,"19":2,"21":2,"23":2,"24":2,"25":2,"30":1,"37":2,"40":2,"43":1,"47":1,"50":1,"52":1,"55":2,"61":2,"62":2,"64":2,"70":1,"76":1,"82":2,"83":2,"85":2,"91":1,"98":1,"102":1,"105":1,"112":1,"119":1,"120":1,"123":1,"130":1,"131":1,"132":1,"133":1,"134":1,"135":1,"138":1,"143":2,"144":2,"147":1,"154":2,"155":2,"158":1,"165":2,"166":2,"169":1,"176":2,"177":2,"180":1,"187":1,"188":1,"192":1,"193":1}},"/home/travis/build/npmtest/node-npmtest-typeset/lib.npmtest_typeset.js":{"path":"/home/travis/build/npmtest/node-npmtest-typeset/lib.npmtest_typeset.js","s":{"1":2,"2":2,"3":2,"4":2,"5":2,"6":2,"7":2,"8":1,"9":2,"10":2,"11":2,"12":2,"13":1,"14":1,"15":1,"16":1},"b":{"1":[2,1,1,1],"2":[1,1,1,1],"3":[1,1],"4":[2,2],"5":[1,1]},"f":{"1":2,"2":2,"3":2},"fnMap":{"1":{"name":"(anonymous_1)","line":12,"loc":{"start":{"line":12,"column":1},"end":{"line":12,"column":13}}},"2":{"name":"(anonymous_2)","line":19,"loc":{"start":{"line":19,"column":5},"end":{"line":19,"column":17}}},"3":{"name":"(anonymous_3)","line":23,"loc":{"start":{"line":23,"column":24},"end":{"line":23,"column":36}}}},"statementMap":{"1":{"start":{"line":12,"column":0},"end":{"line":53,"column":5}},"2":{"start":{"line":14,"column":4},"end":{"line":14,"column":14}},"3":{"start":{"line":19,"column":4},"end":{"line":52,"column":9}},"4":{"start":{"line":21,"column":8},"end":{"line":21,"column":19}},"5":{"start":{"line":23,"column":8},"end":{"line":35,"column":13}},"6":{"start":{"line":24,"column":12},"end":{"line":34,"column":13}},"7":{"start":{"line":25,"column":16},"end":{"line":28,"column":30}},"8":{"start":{"line":30,"column":16},"end":{"line":33,"column":27}},"9":{"start":{"line":37,"column":8},"end":{"line":39,"column":21}},"10":{"start":{"line":41,"column":8},"end":{"line":41,"column":54}},"11":{"start":{"line":43,"column":8},"end":{"line":43,"column":52}},"12":{"start":{"line":45,"column":8},"end":{"line":51,"column":9}},"13":{"start":{"line":46,"column":12},"end":{"line":46,"column":58}},"14":{"start":{"line":48,"column":12},"end":{"line":48,"column":35}},"15":{"start":{"line":49,"column":12},"end":{"line":49,"column":49}},"16":{"start":{"line":50,"column":12},"end":{"line":50,"column":43}}},"branchMap":{"1":{"line":25,"type":"binary-expr","locations":[{"start":{"line":25,"column":23},"end":{"line":25,"column":62}},{"start":{"line":26,"column":20},"end":{"line":26,"column":70}},{"start":{"line":27,"column":20},"end":{"line":27,"column":71}},{"start":{"line":28,"column":20},"end":{"line":28,"column":29}}]},"2":{"line":30,"type":"binary-expr","locations":[{"start":{"line":30,"column":23},"end":{"line":30,"column":37}},{"start":{"line":31,"column":20},"end":{"line":31,"column":61}},{"start":{"line":32,"column":20},"end":{"line":32,"column":70}},{"start":{"line":33,"column":20},"end":{"line":33,"column":26}}]},"3":{"line":37,"type":"cond-expr","locations":[{"start":{"line":38,"column":14},"end":{"line":38,"column":20}},{"start":{"line":39,"column":14},"end":{"line":39,"column":20}}]},"4":{"line":41,"type":"binary-expr","locations":[{"start":{"line":41,"column":16},"end":{"line":41,"column":44}},{"start":{"line":41,"column":48},"end":{"line":41,"column":53}}]},"5":{"line":45,"type":"if","locations":[{"start":{"line":45,"column":8},"end":{"line":45,"column":8}},{"start":{"line":45,"column":8},"end":{"line":45,"column":8}}]}},"code":["/* istanbul instrument in package npmtest_typeset */","/*jslint","    bitwise: true,","    browser: true,","    maxerr: 8,","    maxlen: 96,","    node: true,","    nomen: true,","    regexp: true,","    stupid: true","*/","(function () {","    'use strict';","    var local;","","","","    // run shared js-env code - pre-init","    (function () {","        // init local","        local = {};","        // init modeJs","        local.modeJs = (function () {","            try {","                return typeof navigator.userAgent === 'string' &&","                    typeof document.querySelector('body') === 'object' &&","                    typeof XMLHttpRequest.prototype.open === 'function' &&","                    'browser';","            } catch (errorCaughtBrowser) {","                return module.exports &&","                    typeof process.versions.node === 'string' &&","                    typeof require('http').createServer === 'function' &&","                    'node';","            }","        }());","        // init global","        local.global = local.modeJs === 'browser'","            ? window","            : global;","        // init utility2_rollup","        local = local.global.utility2_rollup || local;","        // init lib","        local.local = local.npmtest_typeset = local;","        // init exports","        if (local.modeJs === 'browser') {","            local.global.utility2_npmtest_typeset = local;","        } else {","            module.exports = local;","            module.exports.__dirname = __dirname;","            module.exports.module = module;","        }","    }());","}());",""],"l":{"12":2,"14":2,"19":2,"21":2,"23":2,"24":2,"25":2,"30":1,"37":2,"41":2,"43":2,"45":2,"46":1,"48":1,"49":1,"50":1}},"/home/travis/build/npmtest/node-npmtest-typeset/example.js":{"path":"/home/travis/build/npmtest/node-npmtest-typeset/example.js","s":{"1":2,"2":2,"3":2,"4":2,"5":2,"6":2,"7":2,"8":1,"9":2,"10":2,"11":2,"12":2,"13":1,"14":2,"15":2,"16":2,"17":2,"18":2,"19":0,"20":2,"21":1,"22":1,"23":1,"24":1,"25":1,"26":0,"27":0,"28":1,"29":1,"30":2,"31":0,"32":0,"33":0,"34":1,"35":2,"36":2,"37":3,"38":3,"39":3,"40":3,"41":0,"42":3,"43":3,"44":3,"45":1,"46":3,"47":1,"48":1,"49":1,"50":1,"51":1,"52":1,"53":1,"54":1,"55":1,"56":1,"57":0,"58":1,"59":6,"60":6,"61":1,"62":2,"63":0,"64":2,"65":1,"66":1,"67":0,"68":0,"69":0,"70":0,"71":0,"72":0,"73":0,"74":0,"75":0,"76":0,"77":0,"78":0,"79":0,"80":0,"81":0,"82":0,"83":0},"b":{"1":[2,1,1,1],"2":[1,1,1,1],"3":[1,1],"4":[2,2],"5":[1,1],"6":[1,1],"7":[2,0],"8":[2,1,1,1,1,1],"9":[0,2,0],"10":[1,1],"11":[2,1,1],"12":[1,0],"13":[0,2],"14":[2,0,0,0,0,0,0],"15":[0,3],"16":[3,0],"17":[1,1],"18":[0,1],"19":[1,2,0,2],"20":[1,0],"21":[1,1],"22":[0,0],"23":[0,0],"24":[0,0],"25":[0,0],"26":[0,0],"27":[0,0],"28":[0,0]},"f":{"1":2,"2":2,"3":2,"4":2,"5":2,"6":2,"7":3,"8":3,"9":3,"10":1,"11":6,"12":0},"fnMap":{"1":{"name":"(anonymous_1)","line":26,"loc":{"start":{"line":26,"column":1},"end":{"line":26,"column":13}}},"2":{"name":"(anonymous_2)","line":33,"loc":{"start":{"line":33,"column":5},"end":{"line":33,"column":17}}},"3":{"name":"(anonymous_3)","line":37,"loc":{"start":{"line":37,"column":24},"end":{"line":37,"column":36}}},"4":{"name":"(anonymous_4)","line":69,"loc":{"start":{"line":69,"column":31},"end":{"line":69,"column":48}},"skip":true},"5":{"name":"(anonymous_5)","line":78,"loc":{"start":{"line":78,"column":26},"end":{"line":78,"column":45}},"skip":true},"6":{"name":"(anonymous_6)","line":123,"loc":{"start":{"line":123,"column":33},"end":{"line":123,"column":48}},"skip":true},"7":{"name":"(anonymous_7)","line":125,"loc":{"start":{"line":125,"column":27},"end":{"line":125,"column":39}},"skip":true},"8":{"name":"(anonymous_8)","line":133,"loc":{"start":{"line":133,"column":59},"end":{"line":133,"column":74}},"skip":true},"9":{"name":"(anonymous_9)","line":143,"loc":{"start":{"line":143,"column":45},"end":{"line":143,"column":62}},"skip":true},"10":{"name":"(anonymous_10)","line":144,"loc":{"start":{"line":144,"column":73},"end":{"line":144,"column":92}},"skip":true},"11":{"name":"(anonymous_11)","line":272,"loc":{"start":{"line":272,"column":51},"end":{"line":272,"column":77}},"skip":true},"12":{"name":"(anonymous_12)","line":315,"loc":{"start":{"line":315,"column":32},"end":{"line":315,"column":61}},"skip":true}},"statementMap":{"1":{"start":{"line":26,"column":0},"end":{"line":326,"column":5}},"2":{"start":{"line":28,"column":4},"end":{"line":28,"column":14}},"3":{"start":{"line":33,"column":4},"end":{"line":60,"column":9}},"4":{"start":{"line":35,"column":8},"end":{"line":35,"column":19}},"5":{"start":{"line":37,"column":8},"end":{"line":49,"column":13}},"6":{"start":{"line":38,"column":12},"end":{"line":48,"column":13}},"7":{"start":{"line":39,"column":16},"end":{"line":42,"column":30}},"8":{"start":{"line":44,"column":16},"end":{"line":47,"column":27}},"9":{"start":{"line":51,"column":8},"end":{"line":53,"column":21}},"10":{"start":{"line":55,"column":8},"end":{"line":57,"column":45}},"11":{"start":{"line":59,"column":8},"end":{"line":59,"column":35}},"12":{"start":{"line":61,"column":4},"end":{"line":325,"column":5}},"13":{"start":{"line":69,"column":8},"end":{"line":121,"column":10},"skip":true},"14":{"start":{"line":70,"column":12},"end":{"line":88,"column":13},"skip":true},"15":{"start":{"line":76,"column":16},"end":{"line":87,"column":19},"skip":true},"16":{"start":{"line":79,"column":20},"end":{"line":86,"column":21},"skip":true},"17":{"start":{"line":82,"column":24},"end":{"line":82,"column":43},"skip":true},"18":{"start":{"line":83,"column":24},"end":{"line":83,"column":30},"skip":true},"19":{"start":{"line":85,"column":24},"end":{"line":85,"column":49},"skip":true},"20":{"start":{"line":89,"column":12},"end":{"line":107,"column":13},"skip":true},"21":{"start":{"line":92,"column":16},"end":{"line":102,"column":17},"skip":true},"22":{"start":{"line":93,"column":20},"end":{"line":93,"column":86},"skip":true},"23":{"start":{"line":94,"column":20},"end":{"line":95,"column":45},"skip":true},"24":{"start":{"line":96,"column":20},"end":{"line":96,"column":42},"skip":true},"25":{"start":{"line":97,"column":20},"end":{"line":97,"column":48},"skip":true},"26":{"start":{"line":100,"column":20},"end":{"line":100,"column":85},"skip":true},"27":{"start":{"line":101,"column":20},"end":{"line":101,"column":96},"skip":true},"28":{"start":{"line":103,"column":16},"end":{"line":103,"column":22},"skip":true},"29":{"start":{"line":106,"column":16},"end":{"line":106,"column":22},"skip":true},"30":{"start":{"line":108,"column":12},"end":{"line":120,"column":13},"skip":true},"31":{"start":{"line":114,"column":16},"end":{"line":119,"column":17},"skip":true},"32":{"start":{"line":116,"column":20},"end":{"line":116,"column":78},"skip":true},"33":{"start":{"line":118,"column":20},"end":{"line":118,"column":47},"skip":true},"34":{"start":{"line":123,"column":8},"end":{"line":141,"column":11},"skip":true},"35":{"start":{"line":124,"column":12},"end":{"line":124,"column":54},"skip":true},"36":{"start":{"line":125,"column":12},"end":{"line":140,"column":14},"skip":true},"37":{"start":{"line":126,"column":16},"end":{"line":126,"column":28},"skip":true},"38":{"start":{"line":127,"column":16},"end":{"line":127,"column":69},"skip":true},"39":{"start":{"line":128,"column":16},"end":{"line":128,"column":75},"skip":true},"40":{"start":{"line":129,"column":16},"end":{"line":131,"column":17},"skip":true},"41":{"start":{"line":130,"column":20},"end":{"line":130,"column":27},"skip":true},"42":{"start":{"line":133,"column":16},"end":{"line":137,"column":36},"skip":true},"43":{"start":{"line":134,"column":20},"end":{"line":136,"column":55},"skip":true},"44":{"start":{"line":139,"column":16},"end":{"line":139,"column":57},"skip":true},"45":{"start":{"line":143,"column":8},"end":{"line":147,"column":11},"skip":true},"46":{"start":{"line":144,"column":12},"end":{"line":146,"column":15},"skip":true},"47":{"start":{"line":145,"column":16},"end":{"line":145,"column":70},"skip":true},"48":{"start":{"line":149,"column":8},"end":{"line":149,"column":31},"skip":true},"49":{"start":{"line":150,"column":8},"end":{"line":150,"column":14},"skip":true},"50":{"start":{"line":158,"column":8},"end":{"line":158,"column":31},"skip":true},"51":{"start":{"line":160,"column":8},"end":{"line":160,"column":33},"skip":true},"52":{"start":{"line":161,"column":8},"end":{"line":161,"column":37},"skip":true},"53":{"start":{"line":162,"column":8},"end":{"line":162,"column":35},"skip":true},"54":{"start":{"line":164,"column":8},"end":{"line":164,"column":50},"skip":true},"55":{"start":{"line":166,"column":8},"end":{"line":256,"column":2},"skip":true},"56":{"start":{"line":258,"column":8},"end":{"line":286,"column":9},"skip":true},"57":{"start":{"line":259,"column":12},"end":{"line":269,"column":14},"skip":true},"58":{"start":{"line":271,"column":12},"end":{"line":285,"column":19},"skip":true},"59":{"start":{"line":274,"column":20},"end":{"line":274,"column":35},"skip":true},"60":{"start":{"line":275,"column":20},"end":{"line":284,"column":21},"skip":true},"61":{"start":{"line":277,"column":24},"end":{"line":277,"column":64},"skip":true},"62":{"start":{"line":279,"column":24},"end":{"line":279,"column":40},"skip":true},"63":{"start":{"line":281,"column":24},"end":{"line":281,"column":40},"skip":true},"64":{"start":{"line":283,"column":24},"end":{"line":283,"column":39},"skip":true},"65":{"start":{"line":288,"column":8},"end":{"line":290,"column":9},"skip":true},"66":{"start":{"line":289,"column":12},"end":{"line":289,"column":18},"skip":true},"67":{"start":{"line":291,"column":8},"end":{"line":293,"column":54},"skip":true},"68":{"start":{"line":296,"column":8},"end":{"line":301,"column":37},"skip":true},"69":{"start":{"line":303,"column":8},"end":{"line":303,"column":82},"skip":true},"70":{"start":{"line":306,"column":8},"end":{"line":308,"column":9},"skip":true},"71":{"start":{"line":307,"column":12},"end":{"line":307,"column":82},"skip":true},"72":{"start":{"line":310,"column":8},"end":{"line":312,"column":9},"skip":true},"73":{"start":{"line":311,"column":12},"end":{"line":311,"column":18},"skip":true},"74":{"start":{"line":313,"column":8},"end":{"line":313,"column":54},"skip":true},"75":{"start":{"line":314,"column":8},"end":{"line":314,"column":69},"skip":true},"76":{"start":{"line":315,"column":8},"end":{"line":323,"column":36},"skip":true},"77":{"start":{"line":316,"column":12},"end":{"line":316,"column":61},"skip":true},"78":{"start":{"line":317,"column":12},"end":{"line":320,"column":13},"skip":true},"79":{"start":{"line":318,"column":16},"end":{"line":318,"column":75},"skip":true},"80":{"start":{"line":319,"column":16},"end":{"line":319,"column":23},"skip":true},"81":{"start":{"line":321,"column":12},"end":{"line":321,"column":38},"skip":true},"82":{"start":{"line":322,"column":12},"end":{"line":322,"column":27},"skip":true},"83":{"start":{"line":324,"column":8},"end":{"line":324,"column":14},"skip":true}},"branchMap":{"1":{"line":39,"type":"binary-expr","locations":[{"start":{"line":39,"column":23},"end":{"line":39,"column":62}},{"start":{"line":40,"column":20},"end":{"line":40,"column":70}},{"start":{"line":41,"column":20},"end":{"line":41,"column":71}},{"start":{"line":42,"column":20},"end":{"line":42,"column":29}}]},"2":{"line":44,"type":"binary-expr","locations":[{"start":{"line":44,"column":23},"end":{"line":44,"column":37}},{"start":{"line":45,"column":20},"end":{"line":45,"column":61}},{"start":{"line":46,"column":20},"end":{"line":46,"column":70}},{"start":{"line":47,"column":20},"end":{"line":47,"column":26}}]},"3":{"line":51,"type":"cond-expr","locations":[{"start":{"line":52,"column":14},"end":{"line":52,"column":20}},{"start":{"line":53,"column":14},"end":{"line":53,"column":20}}]},"4":{"line":55,"type":"binary-expr","locations":[{"start":{"line":55,"column":16},"end":{"line":55,"column":44}},{"start":{"line":55,"column":49},"end":{"line":57,"column":43}}]},"5":{"line":55,"type":"cond-expr","locations":[{"start":{"line":56,"column":14},"end":{"line":56,"column":51}},{"start":{"line":57,"column":14},"end":{"line":57,"column":43}}]},"6":{"line":61,"type":"switch","locations":[{"start":{"line":68,"column":4},"end":{"line":150,"column":14},"skip":true},{"start":{"line":156,"column":4},"end":{"line":324,"column":14},"skip":true}]},"7":{"line":70,"type":"if","locations":[{"start":{"line":70,"column":12},"end":{"line":70,"column":12},"skip":true},{"start":{"line":70,"column":12},"end":{"line":70,"column":12},"skip":true}]},"8":{"line":70,"type":"binary-expr","locations":[{"start":{"line":70,"column":16},"end":{"line":70,"column":22},"skip":true},{"start":{"line":70,"column":27},"end":{"line":70,"column":32},"skip":true},{"start":{"line":71,"column":20},"end":{"line":71,"column":39},"skip":true},{"start":{"line":72,"column":20},"end":{"line":72,"column":49},"skip":true},{"start":{"line":73,"column":20},"end":{"line":73,"column":58},"skip":true},{"start":{"line":74,"column":20},"end":{"line":74,"column":69},"skip":true}]},"9":{"line":79,"type":"switch","locations":[{"start":{"line":80,"column":20},"end":{"line":80,"column":33},"skip":true},{"start":{"line":81,"column":20},"end":{"line":83,"column":30},"skip":true},{"start":{"line":84,"column":20},"end":{"line":85,"column":49},"skip":true}]},"10":{"line":89,"type":"switch","locations":[{"start":{"line":90,"column":12},"end":{"line":103,"column":22},"skip":true},{"start":{"line":105,"column":12},"end":{"line":106,"column":22},"skip":true}]},"11":{"line":89,"type":"binary-expr","locations":[{"start":{"line":89,"column":20},"end":{"line":89,"column":25},"skip":true},{"start":{"line":89,"column":29},"end":{"line":89,"column":48},"skip":true},{"start":{"line":89,"column":52},"end":{"line":89,"column":74},"skip":true}]},"12":{"line":92,"type":"if","locations":[{"start":{"line":92,"column":16},"end":{"line":92,"column":16},"skip":true},{"start":{"line":92,"column":16},"end":{"line":92,"column":16},"skip":true}]},"13":{"line":108,"type":"if","locations":[{"start":{"line":108,"column":12},"end":{"line":108,"column":12},"skip":true},{"start":{"line":108,"column":12},"end":{"line":108,"column":12},"skip":true}]},"14":{"line":108,"type":"binary-expr","locations":[{"start":{"line":108,"column":16},"end":{"line":108,"column":61},"skip":true},{"start":{"line":108,"column":66},"end":{"line":108,"column":72},"skip":true},{"start":{"line":108,"column":77},"end":{"line":108,"column":82},"skip":true},{"start":{"line":109,"column":20},"end":{"line":109,"column":39},"skip":true},{"start":{"line":110,"column":20},"end":{"line":110,"column":49},"skip":true},{"start":{"line":111,"column":20},"end":{"line":111,"column":58},"skip":true},{"start":{"line":112,"column":20},"end":{"line":112,"column":68},"skip":true}]},"15":{"line":129,"type":"if","locations":[{"start":{"line":129,"column":16},"end":{"line":129,"column":16},"skip":true},{"start":{"line":129,"column":16},"end":{"line":129,"column":16},"skip":true}]},"16":{"line":134,"type":"cond-expr","locations":[{"start":{"line":135,"column":26},"end":{"line":135,"column":29},"skip":true},{"start":{"line":136,"column":26},"end":{"line":136,"column":54},"skip":true}]},"17":{"line":164,"type":"binary-expr","locations":[{"start":{"line":164,"column":27},"end":{"line":164,"column":43},"skip":true},{"start":{"line":164,"column":47},"end":{"line":164,"column":49},"skip":true}]},"18":{"line":258,"type":"if","locations":[{"start":{"line":258,"column":8},"end":{"line":258,"column":8},"skip":true},{"start":{"line":258,"column":8},"end":{"line":258,"column":8},"skip":true}]},"19":{"line":275,"type":"switch","locations":[{"start":{"line":276,"column":20},"end":{"line":277,"column":64},"skip":true},{"start":{"line":278,"column":20},"end":{"line":279,"column":40},"skip":true},{"start":{"line":280,"column":20},"end":{"line":281,"column":40},"skip":true},{"start":{"line":282,"column":20},"end":{"line":283,"column":39},"skip":true}]},"20":{"line":288,"type":"if","locations":[{"start":{"line":288,"column":8},"end":{"line":288,"column":8},"skip":true},{"start":{"line":288,"column":8},"end":{"line":288,"column":8},"skip":true}]},"21":{"line":288,"type":"binary-expr","locations":[{"start":{"line":288,"column":12},"end":{"line":288,"column":40},"skip":true},{"start":{"line":288,"column":44},"end":{"line":288,"column":67},"skip":true}]},"22":{"line":292,"type":"binary-expr","locations":[{"start":{"line":292,"column":12},"end":{"line":292,"column":50},"skip":true},{"start":{"line":293,"column":12},"end":{"line":293,"column":53},"skip":true}]},"23":{"line":297,"type":"binary-expr","locations":[{"start":{"line":297,"column":12},"end":{"line":297,"column":65},"skip":true},{"start":{"line":298,"column":12},"end":{"line":301,"column":36},"skip":true}]},"24":{"line":303,"type":"binary-expr","locations":[{"start":{"line":303,"column":43},"end":{"line":303,"column":75},"skip":true},{"start":{"line":303,"column":79},"end":{"line":303,"column":81},"skip":true}]},"25":{"line":306,"type":"if","locations":[{"start":{"line":306,"column":8},"end":{"line":306,"column":8},"skip":true},{"start":{"line":306,"column":8},"end":{"line":306,"column":8},"skip":true}]},"26":{"line":310,"type":"if","locations":[{"start":{"line":310,"column":8},"end":{"line":310,"column":8},"skip":true},{"start":{"line":310,"column":8},"end":{"line":310,"column":8},"skip":true}]},"27":{"line":313,"type":"binary-expr","locations":[{"start":{"line":313,"column":27},"end":{"line":313,"column":43},"skip":true},{"start":{"line":313,"column":47},"end":{"line":313,"column":53},"skip":true}]},"28":{"line":317,"type":"if","locations":[{"start":{"line":317,"column":12},"end":{"line":317,"column":12},"skip":true},{"start":{"line":317,"column":12},"end":{"line":317,"column":12},"skip":true}]}},"code":["/*","example.js","","quickstart example","","instruction","    1. save this script as example.js","    2. run the shell command:","        $ npm install npmtest-typeset && PORT=8081 node example.js","    3. play with the browser-demo on http://127.0.0.1:8081","*/","","","","/* istanbul instrument in package npmtest_typeset */","/*jslint","    bitwise: true,","    browser: true,","    maxerr: 8,","    maxlen: 96,","    node: true,","    nomen: true,","    regexp: true,","    stupid: true","*/","(function () {","    'use strict';","    var local;","","","","    // run shared js-env code - pre-init","    (function () {","        // init local","        local = {};","        // init modeJs","        local.modeJs = (function () {","            try {","                return typeof navigator.userAgent === 'string' &&","                    typeof document.querySelector('body') === 'object' &&","                    typeof XMLHttpRequest.prototype.open === 'function' &&","                    'browser';","            } catch (errorCaughtBrowser) {","                return module.exports &&","                    typeof process.versions.node === 'string' &&","                    typeof require('http').createServer === 'function' &&","                    'node';","            }","        }());","        // init global","        local.global = local.modeJs === 'browser'","            ? window","            : global;","        // init utility2_rollup","        local = local.global.utility2_rollup || (local.modeJs === 'browser'","            ? local.global.utility2_npmtest_typeset","            : global.utility2_moduleExports);","        // export local","        local.global.local = local;","    }());","    switch (local.modeJs) {","","","","    // post-init","    // run browser js-env code - post-init","    /* istanbul ignore next */","    case 'browser':","        local.testRunBrowser = function (event) {","            if (!event || (event &&","                    event.currentTarget &&","                    event.currentTarget.className &&","                    event.currentTarget.className.includes &&","                    event.currentTarget.className.includes('onreset'))) {","                // reset output","                Array.from(","                    document.querySelectorAll('body > .resettable')","                ).forEach(function (element) {","                    switch (element.tagName) {","                    case 'INPUT':","                    case 'TEXTAREA':","                        element.value = '';","                        break;","                    default:","                        element.textContent = '';","                    }","                });","            }","            switch (event && event.currentTarget && event.currentTarget.id) {","            case 'testRunButton1':","                // show tests","                if (document.querySelector('#testReportDiv1').style.display === 'none') {","                    document.querySelector('#testReportDiv1').style.display = 'block';","                    document.querySelector('#testRunButton1').textContent =","                        'hide internal test';","                    local.modeTest = true;","                    local.testRunDefault(local);","                // hide tests","                } else {","                    document.querySelector('#testReportDiv1').style.display = 'none';","                    document.querySelector('#testRunButton1').textContent = 'run internal test';","                }","                break;","            // custom-case","            default:","                break;","            }","            if (document.querySelector('#inputTextareaEval1') && (!event || (event &&","                    event.currentTarget &&","                    event.currentTarget.className &&","                    event.currentTarget.className.includes &&","                    event.currentTarget.className.includes('oneval')))) {","                // try to eval input-code","                try {","                    /*jslint evil: true*/","                    eval(document.querySelector('#inputTextareaEval1').value);","                } catch (errorCaught) {","                    console.error(errorCaught);","                }","            }","        };","        // log stderr and stdout to #outputTextareaStdout1","        ['error', 'log'].forEach(function (key) {","            console[key + '_original'] = console[key];","            console[key] = function () {","                var element;","                console[key + '_original'].apply(console, arguments);","                element = document.querySelector('#outputTextareaStdout1');","                if (!element) {","                    return;","                }","                // append text to #outputTextareaStdout1","                element.value += Array.from(arguments).map(function (arg) {","                    return typeof arg === 'string'","                        ? arg","                        : JSON.stringify(arg, null, 4);","                }).join(' ') + '\\n';","                // scroll textarea to bottom","                element.scrollTop = element.scrollHeight;","            };","        });","        // init event-handling","        ['change', 'click', 'keyup'].forEach(function (event) {","            Array.from(document.querySelectorAll('.on' + event)).forEach(function (element) {","                element.addEventListener(event, local.testRunBrowser);","            });","        });","        // run tests","        local.testRunBrowser();","        break;","","","","    // run node js-env code - post-init","    /* istanbul ignore next */","    case 'node':","        // export local","        module.exports = local;","        // require modules","        local.fs = require('fs');","        local.http = require('http');","        local.url = require('url');","        // init assets","        local.assetsDict = local.assetsDict || {};","        /* jslint-ignore-begin */","        local.assetsDict['/assets.index.template.html'] = '\\","<!doctype html>\\n\\","<html lang=\"en\">\\n\\","<head>\\n\\","<meta charset=\"UTF-8\">\\n\\","<meta name=\"viewport\" content=\"width=device-width, initial-scale=1\">\\n\\","<title>{{env.npm_package_name}} (v{{env.npm_package_version}})</title>\\n\\","<style>\\n\\","/*csslint\\n\\","    box-sizing: false,\\n\\","    universal-selector: false\\n\\","*/\\n\\","* {\\n\\","    box-sizing: border-box;\\n\\","}\\n\\","body {\\n\\","    background: #dde;\\n\\","    font-family: Arial, Helvetica, sans-serif;\\n\\","    margin: 2rem;\\n\\","}\\n\\","body > * {\\n\\","    margin-bottom: 1rem;\\n\\","}\\n\\",".utility2FooterDiv {\\n\\","    margin-top: 20px;\\n\\","    text-align: center;\\n\\","}\\n\\","</style>\\n\\","<style>\\n\\","/*csslint\\n\\","*/\\n\\","textarea {\\n\\","    font-family: monospace;\\n\\","    height: 10rem;\\n\\","    width: 100%;\\n\\","}\\n\\","textarea[readonly] {\\n\\","    background: #ddd;\\n\\","}\\n\\","</style>\\n\\","</head>\\n\\","<body>\\n\\","<!-- utility2-comment\\n\\","<div id=\"ajaxProgressDiv1\" style=\"background: #d00; height: 2px; left: 0; margin: 0; padding: 0; position: fixed; top: 0; transition: background 0.5s, width 1.5s; width: 25%;\"></div>\\n\\","utility2-comment -->\\n\\","<h1>\\n\\","<!-- utility2-comment\\n\\","    <a\\n\\","        {{#if env.npm_package_homepage}}\\n\\","        href=\"{{env.npm_package_homepage}}\"\\n\\","        {{/if env.npm_package_homepage}}\\n\\","        target=\"_blank\"\\n\\","    >\\n\\","utility2-comment -->\\n\\","        {{env.npm_package_name}} (v{{env.npm_package_version}})\\n\\","<!-- utility2-comment\\n\\","    </a>\\n\\","utility2-comment -->\\n\\","</h1>\\n\\","<h3>{{env.npm_package_description}}</h3>\\n\\","<!-- utility2-comment\\n\\","<h4><a download href=\"assets.app.js\">download standalone app</a></h4>\\n\\","<button class=\"onclick onreset\" id=\"testRunButton1\">run internal test</button><br>\\n\\","<div id=\"testReportDiv1\" style=\"display: none;\"></div>\\n\\","utility2-comment -->\\n\\","\\n\\","\\n\\","\\n\\","<label>stderr and stdout</label>\\n\\","<textarea class=\"resettable\" id=\"outputTextareaStdout1\" readonly></textarea>\\n\\","<!-- utility2-comment\\n\\","{{#if isRollup}}\\n\\","<script src=\"assets.app.js\"></script>\\n\\","{{#unless isRollup}}\\n\\","utility2-comment -->\\n\\","<script src=\"assets.utility2.rollup.js\"></script>\\n\\","<script src=\"jsonp.utility2._stateInit?callback=window.utility2._stateInit\"></script>\\n\\","<script src=\"assets.npmtest_typeset.rollup.js\"></script>\\n\\","<script src=\"assets.example.js\"></script>\\n\\","<script src=\"assets.test.js\"></script>\\n\\","<!-- utility2-comment\\n\\","{{/if isRollup}}\\n\\","utility2-comment -->\\n\\","<div class=\"utility2FooterDiv\">\\n\\","    [ this app was created with\\n\\","    <a href=\"https://github.com/kaizhu256/node-utility2\" target=\"_blank\">utility2</a>\\n\\","    ]\\n\\","</div>\\n\\","</body>\\n\\","</html>\\n\\","';","        /* jslint-ignore-end */","        if (local.templateRender) {","            local.assetsDict['/'] = local.templateRender(","                local.assetsDict['/assets.index.template.html'],","                {","                    env: local.objectSetDefault(local.env, {","                        npm_package_description: 'the greatest app in the world!',","                        npm_package_name: 'my-app',","                        npm_package_nameAlias: 'my_app',","                        npm_package_version: '0.0.1'","                    })","                }","            );","        } else {","            local.assetsDict['/'] = local.assetsDict['/assets.index.template.html']","                .replace((/\\{\\{env\\.(\\w+?)\\}\\}/g), function (match0, match1) {","                    // jslint-hack","                    String(match0);","                    switch (match1) {","                    case 'npm_package_description':","                        return 'the greatest app in the world!';","                    case 'npm_package_name':","                        return 'my-app';","                    case 'npm_package_nameAlias':","                        return 'my_app';","                    case 'npm_package_version':","                        return '0.0.1';","                    }","                });","        }","        // run the cli","        if (local.global.utility2_rollup || module !== require.main) {","            break;","        }","        local.assetsDict['/assets.example.js'] =","            local.assetsDict['/assets.example.js'] ||","            local.fs.readFileSync(__filename, 'utf8');","        // bug-workaround - long $npm_package_buildCustomOrg","        /* jslint-ignore-begin */","        local.assetsDict['/assets.npmtest_typeset.rollup.js'] =","            local.assetsDict['/assets.npmtest_typeset.rollup.js'] ||","            local.fs.readFileSync(","                local.npmtest_typeset.__dirname + '/lib.npmtest_typeset.js',","                'utf8'","            ).replace((/^#!/), '//');","        /* jslint-ignore-end */","        local.assetsDict['/favicon.ico'] = local.assetsDict['/favicon.ico'] || '';","        // if $npm_config_timeout_exit exists,","        // then exit this process after $npm_config_timeout_exit ms","        if (Number(process.env.npm_config_timeout_exit)) {","            setTimeout(process.exit, Number(process.env.npm_config_timeout_exit));","        }","        // start server","        if (local.global.utility2_serverHttp1) {","            break;","        }","        process.env.PORT = process.env.PORT || '8081';","        console.error('server starting on port ' + process.env.PORT);","        local.http.createServer(function (request, response) {","            request.urlParsed = local.url.parse(request.url);","            if (local.assetsDict[request.urlParsed.pathname] !== undefined) {","                response.end(local.assetsDict[request.urlParsed.pathname]);","                return;","            }","            response.statusCode = 404;","            response.end();","        }).listen(process.env.PORT);","        break;","    }","}());",""],"l":{"26":2,"28":2,"33":2,"35":2,"37":2,"38":2,"39":2,"44":1,"51":2,"55":2,"59":2,"61":2,"69":1,"70":2,"76":2,"79":2,"82":2,"83":2,"85":1,"89":2,"92":1,"93":1,"94":1,"96":1,"97":1,"100":1,"101":1,"103":1,"106":1,"108":2,"114":1,"116":1,"118":1,"123":1,"124":2,"125":2,"126":3,"127":3,"128":3,"129":3,"130":1,"133":3,"134":3,"139":3,"143":1,"144":3,"145":1,"149":1,"150":1,"158":1,"160":1,"161":1,"162":1,"164":1,"166":1,"258":1,"259":1,"271":1,"274":6,"275":6,"277":1,"279":2,"281":1,"283":2,"288":1,"289":1,"291":1,"296":1,"303":1,"306":1,"307":1,"310":1,"311":1,"313":1,"314":1,"315":1,"316":1,"317":1,"318":1,"319":1,"321":1,"322":1,"324":1}},"/home/travis/build/npmtest/node-npmtest-typeset/node_modules/typeset/src/index.js":{"path":"/home/travis/build/npmtest/node-npmtest-typeset/node_modules/typeset/src/index.js","s":{"1":1,"2":1,"3":1,"4":0,"5":0,"6":0,"7":0,"8":0,"9":0,"10":0,"11":0},"b":{"1":[0,0],"2":[0,0],"3":[0,0],"4":[0,0],"5":[0,0]},"f":{"1":0},"fnMap":{"1":{"name":"(anonymous_1)","line":13,"loc":{"start":{"line":13,"column":17},"end":{"line":13,"column":40}}}},"statementMap":{"1":{"start":{"line":1,"column":0},"end":{"line":9,"column":2}},"2":{"start":{"line":11,"column":0},"end":{"line":11,"column":45}},"3":{"start":{"line":13,"column":0},"end":{"line":32,"column":2}},"4":{"start":{"line":15,"column":2},"end":{"line":15,"column":26}},"5":{"start":{"line":17,"column":2},"end":{"line":29,"column":3}},"6":{"start":{"line":20,"column":4},"end":{"line":21,"column":15}},"7":{"start":{"line":21,"column":6},"end":{"line":21,"column":15}},"8":{"start":{"line":24,"column":4},"end":{"line":25,"column":15}},"9":{"start":{"line":25,"column":6},"end":{"line":25,"column":15}},"10":{"start":{"line":28,"column":4},"end":{"line":28,"column":51}},"11":{"start":{"line":31,"column":2},"end":{"line":31,"column":14}}},"branchMap":{"1":{"line":15,"type":"binary-expr","locations":[{"start":{"line":15,"column":12},"end":{"line":15,"column":19}},{"start":{"line":15,"column":23},"end":{"line":15,"column":25}}]},"2":{"line":20,"type":"if","locations":[{"start":{"line":20,"column":4},"end":{"line":20,"column":4}},{"start":{"line":20,"column":4},"end":{"line":20,"column":4}}]},"3":{"line":20,"type":"binary-expr","locations":[{"start":{"line":20,"column":8},"end":{"line":20,"column":22}},{"start":{"line":20,"column":26},"end":{"line":20,"column":58}}]},"4":{"line":24,"type":"if","locations":[{"start":{"line":24,"column":4},"end":{"line":24,"column":4}},{"start":{"line":24,"column":4},"end":{"line":24,"column":4}}]},"5":{"line":24,"type":"binary-expr","locations":[{"start":{"line":24,"column":8},"end":{"line":24,"column":23}},{"start":{"line":24,"column":27},"end":{"line":24,"column":60}}]}},"code":["var modules = {","  quotes: require('./quotes'),","  hyphenate: require('./hyphenate'),","  ligatures: require('./ligatures'),","  smallCaps: require('./smallCaps'),","  punctuation: require('./punctuation'),","  hangingPunctuation: require('./hangingPunctuation'),","  spaces: require('./spaces')","};","","var eachTextNode = require('./eachTextNode');","","module.exports = function(html, options){","","  options = options || {};","","  for (var i in modules) {","","    // Check against enable list","    if (options.enable && options.enable.indexOf(i) === -1)","      continue;","","    // Check against disable list","    if (options.disable && options.disable.indexOf(i) !== -1)","      continue;","","    // Pass the HTML to each module","    html = eachTextNode(html, modules[i], options);","  }","","  return html;","};"],"l":{"1":1,"11":1,"13":1,"15":0,"17":0,"20":0,"21":0,"24":0,"25":0,"28":0,"31":0}},"/home/travis/build/npmtest/node-npmtest-typeset/node_modules/typeset/src/quotes.js":{"path":"/home/travis/build/npmtest/node-npmtest-typeset/node_modules/typeset/src/quotes.js","s":{"1":1,"2":0,"3":0,"4":0,"5":0,"6":0,"7":0,"8":0,"9":0,"10":0,"11":1,"12":0,"13":0,"14":0,"15":0,"16":0,"17":0},"b":{"1":[0,0],"2":[0,0],"3":[0,0]},"f":{"1":0,"2":0,"3":0},"fnMap":{"1":{"name":"(anonymous_1)","line":1,"loc":{"start":{"line":1,"column":17},"end":{"line":1,"column":40}}},"2":{"name":"(anonymous_2)","line":14,"loc":{"start":{"line":14,"column":37},"end":{"line":14,"column":47}}},"3":{"name":"replace","line":27,"loc":{"start":{"line":27,"column":0},"end":{"line":27,"column":24}}}},"statementMap":{"1":{"start":{"line":1,"column":0},"end":{"line":25,"column":2}},"2":{"start":{"line":9,"column":2},"end":{"line":22,"column":3}},"3":{"start":{"line":11,"column":4},"end":{"line":11,"column":54}},"4":{"start":{"line":12,"column":4},"end":{"line":12,"column":18}},"5":{"start":{"line":14,"column":4},"end":{"line":19,"column":7}},"6":{"start":{"line":16,"column":6},"end":{"line":16,"column":38}},"7":{"start":{"line":16,"column":25},"end":{"line":16,"column":38}},"8":{"start":{"line":18,"column":6},"end":{"line":18,"column":37}},"9":{"start":{"line":21,"column":4},"end":{"line":21,"column":56}},"10":{"start":{"line":24,"column":2},"end":{"line":24,"column":23}},"11":{"start":{"line":27,"column":0},"end":{"line":52,"column":1}},"12":{"start":{"line":32,"column":2},"end":{"line":43,"column":29}},"13":{"start":{"line":46,"column":2},"end":{"line":46,"column":35}},"14":{"start":{"line":47,"column":2},"end":{"line":47,"column":35}},"15":{"start":{"line":48,"column":2},"end":{"line":48,"column":35}},"16":{"start":{"line":49,"column":2},"end":{"line":49,"column":35}},"17":{"start":{"line":51,"column":2},"end":{"line":51,"column":14}}},"branchMap":{"1":{"line":9,"type":"if","locations":[{"start":{"line":9,"column":2},"end":{"line":9,"column":2}},{"start":{"line":9,"column":2},"end":{"line":9,"column":2}}]},"2":{"line":9,"type":"binary-expr","locations":[{"start":{"line":9,"column":6},"end":{"line":9,"column":42}},{"start":{"line":9,"column":46},"end":{"line":9,"column":78}}]},"3":{"line":16,"type":"if","locations":[{"start":{"line":16,"column":6},"end":{"line":16,"column":6}},{"start":{"line":16,"column":6},"end":{"line":16,"column":6}}]}},"code":["module.exports = function(text, node, $){","","  // This helps resolve substitution issues","  // when a next node is adjacent to another text node,","  // e.g. a link tag or emphasis tag.","","  // this only works if replace does not modify the length","  // of the string it is passed. therefore the","  if ($(node).parent().is('p, blockquote') && $(node).parent().text() !== text) {","","    var parentText = replace($(node).parent().text());","    var start = 0;","","    $(node).parent().contents().each(function(){","","      if (this === node) return false;","","      start += $(this).text().length;","    });","","    return parentText.slice(start, start + text.length);","  }","","  return replace(text);","};","","function replace (text) {","","  // Revert encoded chars so the regex mystery","  // below works properly","","  text = text","    .replace(/(\\W|^)\"([^\\s\\!\\?:;\\.,‽»])/g, '$1\\u201c$2') // beginning \"","    .replace(/(\\u201c[^\"]*)\"([^\"]*$|[^\\u201c\"]*\\u201c)/g, '$1\\u201d$2') // ending \"","    .replace(/([^0-9])\"/g,'$1\\u201d') // remaining \" at end of word","    .replace(/(\\W|^)'(\\S)/g, '$1\\u2018$2') // beginning '","    .replace(/([a-z])'([a-z])/ig, '$1\\u2019$2') // conjunction's possession","    .replace(/((\\u2018[^']*)|[a-z])'([^0-9]|$)/ig, '$1\\u2019$3') // ending '","    .replace(/(\\u2018)([0-9]{2}[^\\u2019]*)(\\u2018([^0-9]|$)|$|\\u2019[a-z])/ig, '\\u2019$2$3') // abbrev. years like '93","    .replace(/(\\B|^)\\u2018(?=([^\\u2019]*\\u2019\\b)*([^\\u2019\\u2018]*\\W[\\u2019\\u2018]\\b|[^\\u2019\\u2018]*$))/ig, '$1\\u2019') // backwards apostrophe","    .replace(/'''/g, '\\u2034') // triple prime","    .replace(/(\"|'')/g, '\\u2033') // double prime","    .replace(/'/g, '\\u2032');","","  // Allow escaped quotes","  text = text.replace(/\\\\“/, '\\\"');","  text = text.replace(/\\\\”/, '\\\"');","  text = text.replace(/\\\\’/, '\\'');","  text = text.replace(/\\\\‘/, '\\'');","","  return text;","}"],"l":{"1":1,"9":0,"11":0,"12":0,"14":0,"16":0,"18":0,"21":0,"24":0,"27":1,"32":0,"46":0,"47":0,"48":0,"49":0,"51":0}},"/home/travis/build/npmtest/node-npmtest-typeset/node_modules/typeset/src/hyphenate.js":{"path":"/home/travis/build/npmtest/node-npmtest-typeset/node_modules/typeset/src/hyphenate.js","s":{"1":1,"2":1,"3":0,"4":0,"5":0,"6":0,"7":0,"8":0,"9":0},"b":{"1":[0,0]},"f":{"1":0},"fnMap":{"1":{"name":"(anonymous_1)","line":8,"loc":{"start":{"line":8,"column":17},"end":{"line":8,"column":31}}}},"statementMap":{"1":{"start":{"line":4,"column":0},"end":{"line":6,"column":26}},"2":{"start":{"line":8,"column":0},"end":{"line":23,"column":2}},"3":{"start":{"line":10,"column":2},"end":{"line":10,"column":30}},"4":{"start":{"line":12,"column":2},"end":{"line":20,"column":3}},"5":{"start":{"line":14,"column":4},"end":{"line":14,"column":24}},"6":{"start":{"line":16,"column":4},"end":{"line":17,"column":15}},"7":{"start":{"line":17,"column":6},"end":{"line":17,"column":15}},"8":{"start":{"line":19,"column":4},"end":{"line":19,"column":37}},"9":{"start":{"line":22,"column":2},"end":{"line":22,"column":25}}},"branchMap":{"1":{"line":16,"type":"if","locations":[{"start":{"line":16,"column":4},"end":{"line":16,"column":4}},{"start":{"line":16,"column":4},"end":{"line":16,"column":4}}]}},"code":["// User auto language detection if no option","// specified https://github.com/richtr/guessLanguage.js","","var Hypher = require('hypher'),","  english = require('./hypher-patterns/en-us'),","  h = new Hypher(english);","","module.exports = function(text){","","  var words = text.split(' ');","","  for (var i in words) {","","    var word = words[i];","","    if (word.slice(0, 1).toUpperCase() === word.slice(0, 1))","      continue;","","    words[i] = h.hyphenateText(word);","  }","","  return words.join(' ');","};",""],"l":{"4":1,"8":1,"10":0,"12":0,"14":0,"16":0,"17":0,"19":0,"22":0}},"/home/travis/build/npmtest/node-npmtest-typeset/node_modules/typeset/src/hypher-patterns/en-us.js":{"path":"/home/travis/build/npmtest/node-npmtest-typeset/node_modules/typeset/src/hypher-patterns/en-us.js","s":{"1":1},"b":{},"f":{},"fnMap":{},"statementMap":{"1":{"start":{"line":3,"column":0},"end":{"line":19,"column":2}}},"branchMap":{},"code":["// The en-US hyphenation patterns are retrieved from","// http://tug_org/svn/texhyphen/trunk/collaboration/repository/hyphenator/","module.exports = {","\t'id': ['en-us', 'en'],","\t'leftmin': 2,","\t'rightmin': 3,","\t'patterns': {","\t\t3 : \"x1qei2e1je1f1to2tlou2w3c1tue1q4tvtw41tyo1q4tz4tcd2yd1wd1v1du1ta4eu1pas4y1droo2d1psw24sv1dod1m1fad1j1su4fdo2n4fh1fi4fm4fn1fopd42ft3fu1fy1ga2sss1ru5jd5cd1bg3bgd44uk2ok1cyo5jgl2g1m4pf4pg1gog3p1gr1soc1qgs2oi2g3w1gysk21coc5nh1bck1h1fh1h4hk1zo1ci4zms2hh1w2ch5zl2idc3c2us2igi3hi3j4ik1cab1vsa22btr1w4bp2io2ipu3u4irbk4b1j1va2ze2bf4oar1p4nz4zbi1u2iv4iy5ja1jeza1y1wk1bk3fkh4k1ikk4k1lk1mk5tk1w2ldr1mn1t2lfr1lr3j4ljl1l2lm2lp4ltn1rrh4v4yn1q1ly1maw1brg2r1fwi24ao2mhw4kr1cw5p4mkm1m1mo4wtwy4x1ar1ba2nn5mx1ex1h4mtx3i1muqu2p3wx3o4mwa1jx3p1naai2x1ua2fxx4y1ba2dn1jy1cn3fpr2y1dy1i\",","\t\t4 : \"4dryn2itni4on1inn1im_up3nik4ni4dy5giye4tyes4_ye44ab_nhe4nha4abe2n2gyn1guy1ery5eep2pe4abry3lay3lone4wne4v1nesy3chn1erne2q3neo1nenp2seps4hy2cey5lu2nedne2cyme44nk2y5at2adine2b2ne_y5ac2p1tp2ten1den1cun1cryn5dp2th4adup4twpub3ae4rxu3ayn5gaff4pue4n2au4p1ppuf4n2atag1ipu4mag1na2gon4asx3tix1t2pu2na4gya3haa3heah4la3ho_ti2a5ian2an5puspu2tnak4_th2n1kl_te4_ta4mu4u4mupmun23mum2alex4ob_sy25ynxal1i_st4y1o4xi5cxi5a4alm_si2_sh2m5sixhu4m4sh4m3r4amam2py2rabm2pixhi2yo5dr2ai4m1pmo2vmos2x2edmo2r4n1la2mor2asx3c2xas5yom4x4apxam3nme44mokrbi2nne44andy4osp4ot3noemn4omn4a4m1n4nog4m1l2angws4l1posw3shwri4wra4yp3iwom11wo2m2izrb4ow4nopo4pr2cem2isrd2iano4mig4y3pomi3awiz55mi_no4n4m1fme4v2re_wir42mes1menme2mme2gre1o2med4me_4nop4m5c4m1bwil21noureu2whi4w3ev4maprev2w1era2plpo4crfu4r4fyy5pu2maha3pu2mab2a2rn1p4npi44lyb4lya2p3nwam42l1w1lut4luplu3or1glluf4lu5a2wacltu2y3rol1tr4vv4r3guyr4rl1te4rh_nru4ar1il2sel4sc4l1rl5prl4plys4c4lovri3ar4ib4lof3lo_ar2par3q_os3ll4oll2i4as_ri1o3vokl2levoi44p1mlka35vo_ns4cas4ll1izr4iqr2is3vivl1it3lika2tan2sen2slrle42l3hlgo3l5gal5frns3mvi4p3ley_od2r2meles24athr4myle2al3drv1inldi4l2de2vilnt2il3civik4lce42l1b4lavv3ifrno4r3nua1trr2ocnt4sy4sok4syks4la2tuk4sck3ouko5ryss4a2tyau4b4klyys1tnu1akis4au3rki4pro4ek4ima2va5ki_nu4dn4umn3uokes4k1erav1irok2ke4g1keek2ed_me2aw3ikal4aws4k5agk3ab3ka_aye4ays4veg3jo4p5ba_4vedjew3n1v24ve_ja4pzar23vatizi4n1w41batba4z2b1bb2beix4o4i5w4b1d4be_rox5nym4nyp4n3za4ittr3por1r4i1ti1bel2ith2itei2su4rs2r1sars4cr2seis1p3betvag4i2sor1shbe3wr1sioad34b3hbi2bbi4d3bie3isf4ise2is_1bilr1sp5va_r5sw_le2uz4eir1ibi2tuxu3r1tiu1v2i1raze4nze4pb2l2uu4mo1biip3iz1eripe4b4louts44b1m4b3no3br3bodi4osbo4eru3aio4mi1ol4io_3booo1ce4inyin1u2insru2n2inn4inl4inkrv4e2inioch42iner3vo4indpi2np4idbt4lb4tob3trry4cry3t2in_o4elbu4ni2muim1i5saiil3v4ilnil1iil5fs1apo3er4b5w5by_bys4_in1sau4i1lazet4u2suo3ev2z1ii2go4igius1p5saw4s5bo2fi4ifti3fl4if_i3etsch2usc22ie4i2dui4dri2diid5dpi3au3ruz4ils1cuz4is4s5d4se_se4a2ce_2ici4ich3ceii1bri5bo1ceni1blse2g5seiibe43cepi2aniam4ur2li2al2i1acet4hy2scew41phy4ch_5phuhu4thu4gche2h4tyh4shur1durc44hr44h5p5sev5sexu1ra4s3fup3p2s3gph3t2sh_ho4g2h1n_he23ciau3pl4h1mci5ch2lozo4m4ciihi2vhi4p2cim2cin4phsu1peu1ouo1geu5osheu4sho4he4th1es4shwun5zun5ysi1bunu45cizo4glck3ihep5he2nh4ed1sioph2l5hazsi2rcly4zte4_ge21siscoe22cog5siu1siv5siz_ga24skes1l2s2leha4m2s1ms3ma1ogyo1h2u1ni3gus3gun2guegu4acov1gth3_eu3g4ros1n4_es3u2nez4zyum2pu1mi3som_ev2oig4cri2gov15goos4opgon2ul5v5goeu3lugob53go_2c1t4ph_g1nog1nic2te4sov4ulsgn4ag4myc4twcud5c4ufc4uipe2t3glo1gleul2igla4_eg23giz3cun5givgi4u3gir5gio1cusul4e2spagil4g1ic5gi__eb4cze41d2a5da_u1laggo44daf2dagg2gege4v1geo1gen2ged3dato1la2ge_ol2dol2i5daypek4p4eed1d42de_4gazol2tuiv3ol2vo2lys1sa2gamgaf4o2meui4n2ui2pe2cd4em4fugi4jku3fl3ufaf2tyf4to1denu4du4pe_2f3sfri2de1ps1si4f5pfos5d3eqs4sls4snfo2rss2tdes25fon4p1b_ci23payss5w2st_de1tf4l2de1v2fin4dey4d1fd4gast2idg1id2gyd1h25di_ud5dfi3au4cy_ch4pav43didu3cud1iff2fyu3crd1inst4r4f1ffev4fer11dio2fedfe4bdir2s2ty4fe_dis1on1au3ca4f5bon1c2ondd5k25far4fagpa1peys45eyc1exps4ul2dlyp4ale3whon3s3do_e1wa5doee5vud4oge1visu2msu2nub4euav4su2rp4ai6rk_d4or3dosu1atdo4v3doxp4adoo4k4swoo2padre4eus4e3upe5un2ophet5z4syc3syl4y3hoy1ads4pd4swd4syd2tho4wo3ta_du2c4etn2tabta2luac4es4wdu4g2ess4uabdu4n4duptav4st5bow1io1pr5dyn2tawe1sp2t1bop1uead1tz4et4chopy5ea4l4t1d4te_2tyle1si4esh1tee4tyat1cr4twoteg4es2c4eru1teoer1s2eroea2tte4po1rat1wh3tusea2v3teu3texer1i2e1ber1h4tey2t1f4t1ge3br2th_th2e4thle1ce3tumec2i2ths2erb1tia4tueer1aou5vtud2tif22tige1potu1aou4lttu41timt5toos4le1cre2pat4swe5owe1cue4ottsh4eos4e1ort4sce3ol4edieo2ge5of1tio4eno4enn5tiq4edoti4u1tive3my1tiz4othee2ct5laee2ft5lo4t1mee2mtme4e1meem5bcoi4to3be5exo1ry2tof1effel2iel2ftos24t1pe1la1traos2ceig2ei5de5ico2soe1h45egyeg5n\",","\t\t5 : \"_ach4e4go_e4goseg1ule5gurtre5feg4iceher4eg5ibeger44egaltre4mei5gle3imbe3infe1ingtra3beir4deit3eei3the5ity5triae4jud3efiteki4nek4la2trime4la_e4lactri4v4toute4law5toure3leaefil45elece4ledto2rae5len4tonye1lestro3ve4fic4tonoto3mytom4bto2mato5ice5limto2gre3lioe2listru5i4todo4ellaee4tyello4e5locel5ogeest4el2shel4tae5ludel5uge4mace4mage5man2t1n2ee2s4ee4p1e2mele4metee4naemi4eee4lyeel3i3tled3tle_e4mistlan4eed3iem3iztrus4emo4gti3zaem3pie4mule4dulemu3ne4dritiv4aedon2e4dolti3tle5neae5neeen3emtis4pti5sotis4m3tisee3newti3sae5niee5nile3nioedi5zen3ite5niu5enized1ited3imeno4ge4nosen3oven4swti5oc4t1s2en3uaen5ufe3ny_4en3zed3ibe3diae4oi4ede4s3tini4ed3deo3ret2ina2e2dae4culeo4toe5outec4te4t3t2t4tes2t1ine5pel4timpe2corephe4e4plie2col5tigutu3arti5fytu4bie3pro3tienep4sh5tidie4putt4icoeci4t4tick2ti2bec3imera4bti4aber3ar4tuf45tu3ier4bler3che4cib2ere_4thooecca54thil3thet4thea3turethan4e4cade4bitere4qe4ben5turieret4tur5oeav5oeav5itu5ry4tess4tes_ter5ve1rio4eriter4iueri4v1terier3m4ter3cte5pe4t1waer3noeast3er5obe5rocero4rer1oue3assea5sp1tent4ertler3twtwis4eru4t3tende1s4a3tenc5telsear2te2scateli4e3scres5cue1s2ee2sec3tel_te5giear5kear4cte5diear3ae3sha2t1ede5ande2sice2sid5tecttece44teattype3ty5phesi4uea4gees4mie2sole3acte2sone1a4bdys5pdy4sedu4petaun4d3uleta5sytas4e4tare4tarctar4ata5pl2estrta5mo4talke2surtal3idu5eleta4bta5lae3teoua5naet1ic4taf4etin4ta5doe5tir4taciuan4id1ucad1u1ae3trae3tre2d1s2syn5ouar2d4drowet3uaet5ymdro4pdril4dri4b5dreneu3rouar3ieute44draieu5truar3te2vasdop4pe5veadoo3ddoni4u4belsum3iev1erdoli4do4laev3idevi4le4vinevi4ve5voc2d5ofdo5dee4wage5wee4d1n4ewil54d5lue3wit2d3lou3ber5eye_u1b4i3dledfa3blfab3rfa4ce3dle_fain4suit3su5issu2g34d5lasu4b3fa3tasu1al4fato1di1vd2iti5disiuci4bfeas4di1redi4pl4feca5fectdio5gfe3life4mofen2d4st3wuc4it5ferr5diniucle3f4fesf4fie4stry1dinaf4flydi3ge3dictd4icedia5bs4tops1tle5stirs3tifs4ties1ticfic4is5tias4ti_4ficsfi3cuud3ers3thefil5iste2w4filyudev45finas4tedfi2nes2talfin4ns2tagde2tode4suflin4u1dicf2ly5ud5isu5ditde1scd2es_der5sfon4tu4don5dermss4lid4erhfor4is4siede2pudepi4fra4tf5reade3pade3nufril4frol5ud4side3nou4eneuens4ug5infu5el5dem_s5setfu5nefu3rifusi4fus4s4futade5lode5if4dee_5gal_3galiga3lo2d1eds3selg5amos2s5cssas3u1ing4ganouir4mgass4gath3uita4deaf5dav5e5dav44dato4darygeez44spotspor4s4pon4gelydark5s4ply4spio4geno4genydard5ge3omg4ery5gesigeth54getoge4tydan3g4g1g2da2m2g3gergglu5dach4gh3inspil4gh4to4cutr1gi4agia5rula5bspho5g4icogien5s2pheulch42sperspa4n5spai3c4utu1lenul4gigir4lg3islcu5pycu3picu4mic3umecu2maso5vi5glasu5liagli4bg3lig5culiglo3r4ul3mctu4ru1l4og4na_c3terul1tig2ning4nio4ultug4noncta4b4c3s2cru4dul5ulsor5dgo3isum5absor5ccris4go3nic4rinson4gsona45gos_cri5fcre4vum4bi5credg4raigran25solvsoft3so4ceunat44graygre4nco5zi4gritcoz5egruf4cow5ag5stecove4cos4es5menun4ersmel44corbco4pl4gu4tco3pacon5tsman3gy5racon3ghach4hae4mhae4th5aguha3lac4onecon4aun4ims3latu2ninhan4gs3ket5colocol5ihan4kuni3vhap3lhap5ttras4co4grhar2dco5agsir5aclim45sionhas5shaun44clichaz3acle4m1head3hearun3s4s3ingun4sws2ina2s1in4silysil4eh5elohem4p4clarhena45sidiheo5r1c4l4h4eras5icc2c1itu4orsh3ernshor4h3eryci3phshon34cipecion45cinoc1ingc4inahi5anhi4cohigh5h4il2shiv5h4ina3ship3cilihir4lhi3rohir4phir4rsh3iohis4ssh1inci4lau5pia4h1l4hlan44cier5shevcia5rhmet4ch4tish1erh5ods3cho2hoge4chi2z3chitho4mahome3hon4aho5ny3hoodhoon45chiouptu44ura_ho5ruhos4esew4ihos1p1housu4ragses5tu4rasur4behree5se5shs1e4s4h1s24chedh4tarht1enht5esur4fru3rifser4os4erlhun4tsen5gur1inu3riosen4dhy3pehy3phu1ritces5tur3iz4cesa4sencur4no4iancian3i4semeia5peiass45selv5selfi4atu3centse1le4ceniib5iaib3inseg3ruros43cencib3li3cell5cel_s5edli5bun4icam5icap4icar4s4ed3secticas5i4cayiccu44iceour4pe4ced_i5cidsea5wi2cipseas4i4clyur4pi4i1cr5icrai4cryic4teictu2ccon4urti4ic4umic5uoi3curcci4ai4daiccha5ca4thscof4ide4s4casys4cliscle5i5dieid3ios4choid1itid5iui3dlei4domid3owu5sadu5sanid5uous4apied4ecany4ield3s4cesien4ei5enn4sceii1er_i3esci1estus3ciuse5as4cedscav5if4frsca4pi3fieu5siau3siccan4eiga5bcan5d4calous5sli3gibig3ilig3inig3iti4g4lus1trig3orig5oti5greigu5iig1ur2c5ah4i5i44cag4cach4ca1blusur4sat3usa5tab5utoi3legil1erilev4uta4b4butail3iail2ibil3io3sanc2ilitil2izsal4t5bustil3oqil4tyil5uru3tati4magsa5losal4m4ute_4imetbu3res3act5sack2s1ab4imitim4nii3mon4utelbumi4bu3libu4ga4inav4utenbsor42b5s2u4tis4briti3neervi4vr3vic4inga4inger3vey4ingir3ven4ingo4inguu4t1li5ni_i4niain3ioin1isbo4tor5uscrunk5both5b5ota5bos42i1no5boriino4si4not5borein3seru3in2int_ru4glbor5di5nusut5of5bor_uto5gioge4io2grbon4au5tonru3enu4touion3iio5phior3ibod3iio5thi5otiio4toi4ourbne5gb3lisrt4shblen4ip4icr3triip3uli3quar4tivr3tigrti4db4le_b5itzira4bi4racird5ert5ibi4refbi3tri4resir5gibi5ourte5oir4isr3tebr4tagbin4diro4gvac3uir5ul2b3ifis5agis3arisas52is1cis3chbi4eris3erbi5enrson3be5yor5shais3ibisi4di5sisbe3tw4is4krs3es4ismsbe5trr3secva4geis2piis4py4is1sbe3sp4bes4be5nuval5ois1teis1tirrys4rros44be5mis5us4ita_rron4i4tagrri4vi3tani3tatbe3lorri4or4reoit4esbe1libe5gu4itiarre4frre4cbe3giit3igbe3dii2tim2itio4itisrp4h4r3pet4itonr4peait5rybe3debe3dai5tudit3ul4itz_4be2dbeat3beak4ro4varo4tyros4sro5roiv5ioiv1itror3i5root1roomval1ub3berva5mo4izarva5piron4eban3ijac4qban4ebal1ajer5srom4prom4iba4geazz5i5judgay5alax4idax4ickais4aw4ly3awaya1vorav5ocav3igke5liv3el_ve4lov4elyro1feke4tyv4erdv4e2sa5vanav3ag5k2ick4illkilo5au1thk4in_4ves_ro3crkin4gve4teaun5dk5ishau4l2au3gu4kleyaugh3ve4tyk5nes1k2noat3ulkosh4at5uekro5n4k1s2at5uaat4that5te5vianat4sk5vidil4abolaci4l4adela3dylag4nlam3o3landrob3la4tosr4noular4glar3ilas4ea4topr3nivr3nita2tomr5nica4toglbin44l1c2vi5gnat3ifat1ica5tiar3neyr5net4ati_ld5isat4hol4driv2incle4bileft55leg_5leggr4nerr3nel4len_3lencr4nar1lentle3phle4prvin5dler4e3lergr3mitl4eroat5evr4mio5lesq3lessr3menl3eva4vingrma5cvio3lvi1ou4leyevi5rovi3so4l1g4vi3sulgar3l4gesate5cat5apli4agli2amr3lo4li4asr4lisli5bir4ligr2led4lics4vitil4icul3icyl3idaat5ac3lidirk4lel4iffli4flr3ket3lighvit3r4vityriv3iri2tulim3ili4moris4pl4inar3ishris4clin3ir4is_li5og4l4iqlis4pas1trl2it_as4shas5phri2pla4socask3ia3sicl3kallka4ta3sibl4lawashi4l5leal3lecl3legl3lel5riphas4abar2shrin4grin4ear4sarin4dr2inal5lowarre4l5met3rimol4modlmon42l1n2a3roorim5ilo4civo4la5rigil5ogo3loguri5et5longlon4iri1erlood5r4icolop3il3opmlora44ricir4icerib3a5los_v5oleri4agria4blos4tlo4taar2mi2loutar2izar3iolpa5bl3phal5phi4rhall3pit5voltar4im3volv2l1s2vom5ivori4l4siear4fllt5agar4fivo4rylten4vo4talth3ia3reeltis4ar4drw5ablrgo4naraw4lu3brluch4lu3cilu3enwag5olu5idlu4ma5lumia5raur5gitwait5luo3rw5al_luss4r5gisar4atl5venrgi4nara3pwar4tar3alwas4tly5mely3no2lys4l5ysewa1teaque5ma2car3gicma4clr3get5magnwed4nmaid54maldrg3erweet3wee5vwel4lapoc5re4whwest3ap3in4aphires2tr4es_mar3vre5rumas4emas1t5matemath3rero4r4eriap5atr1er4m5bilre1pumbi4vapar4a5nuran3ul4med_an3uare5lure1lian4twre5itmel4tan2trre4fy4antomen4are3fire2fe4menemen4imens4re1de3ment2r2edme5onre4awwin4g5reavme4tare3anme1tere1alm4etr3wiserdin4rdi4aan4stwith3an2span4snan2samid4amid4gan5otwl4esr4dalm4illmin4a3mindrcum3rc4itr3charcen4min4tm4inumiot4wl3ina3niumis5lan3ita3nip4mithan3ioan1gla3neuws4per2bina3nena5neem4ninw5s4tan1dl4mocrrbi4fmo2d1mo4gomois2xac5ex4agor4bagmo3mer4baba3narrau4ta5monrare4rar5cra5nor4aniam1inr2amiam5ifra4lomo3spmoth3m5ouf3mousam3icxer4ixe5roraf4tr5aclm3petra3bixhil5mpi4aam3ag3quetm5pirmp5is3quer2que_qua5vmpov5mp4tram5ab3alyz4m1s25alyt4alysa4ly_ali4exi5di5multx4ime4aldia4laral3adal5abak1enain5opu3trn4abu4nac_na4can5act5putexpe3dna4lia4i4n4naltai5lya3ic_pur4rag5ulnank4nar3c4narenar3inar4ln5arm3agognas4c4ag4l4ageupul3cage4oaga4na4gab3nautnav4e4n1b4ncar5ad5umn3chaa3ducptu4rpti3mnc1innc4itad4suad3owad4len4dain5dana5diua3ditndi4ba3dion1ditn3dizn5ducndu4rnd2we3yar4n3eara3dianeb3uac4um5neckac3ulp4siba3cio5negene4laac1inne5mine4moa3cie4nene4a2cine4poyc5erac1er2p1s2pro1tn2erepro3lner4rych4e2nes_4nesp2nest4neswpri4sycom4n5evea4carab3uln4gabn3gelpre3vpre3rycot4ng5han3gibng1inn5gitn4glangov4ng5shabi5an4gumy4erf4n1h4a5bannhab3a5bal3n4iani3anni4apni3bani4bl_us5ani5dini4erni2fip3petn5igr_ure3_un3up3per_un5op3pennin4g_un5k5nis_p5pel_un1en4ithp4ped_un1ani3tr_to4pympa3_til4n3ketnk3inyn5ic_se2ny4o5gy4onsnmet44n1n2_ru4d5pounnni4vnob4lpo4tan5ocly4ped_ro4qyper5noge4pos1s_ri4gpo4ry1p4or_res2no4mono3my_ree2po4ninon5ipoin2y4poc5po4gpo5em5pod_4noscnos4enos5tno5tayp2ta3noun_ra4cnowl3_pi2tyra5m_pi4eyr5ia_out3_oth32n1s2ns5ab_or3t_or1d_or3cplu4mnsid1nsig4y3s2eys3ion4socns4pen5spiploi4_odd5nta4bpli4n_ni4cn5tib4plignti2fpli3a3plannti4p1p2l23ysis2p3k2ys3ta_mis1nu5enpi2tun3uinp3ithysur4nu1men5umi3nu4nyt3icnu3trz5a2b_li4t_li3o_li2n_li4g_lev1_lep5_len4pion4oard3oas4e3pi1ooat5ip4inoo5barobe4l_la4mo2binpind4_ju3rob3ul_is4i_ir5rp4in_ocif3o4cil_in3so4codpi3lopi3enocre33piec5pidipi3dep5ida_in2kod3icodi3oo2do4odor3pi4cypian4_ine2o5engze3rooe4ta_im3m_id4l_hov5_hi3b_het3_hes3_go4r_gi4bpho4ro5geoo4gero3gie3phobog3it_gi5azo5ol3phizo4groogu5i4z1z22ogyn_fes3ohab5_eye55phieph1icoiff4_en3sph4ero3ing_en3go5ism_to2qans3v_el5d_eer4bbi4to3kenok5iebio5mo4lanper1v4chs_old1eol3erpe5ruo3letol4fi_du4co3liaper3op4ernp4erio5lilpe5ono5liop4encpe4la_do4tpee4do5livcin2q3pediolo4rol5pld3tabol3ub3pedeol3uno5lusedg1le1loaom5ahoma5l2p2edom2beom4bl_de3o3fich3pe4ao4met_co4ro3mia_co3ek3shao5midom1inll1fll3teapa2teo4monom3pi3pare_ca4tlue1pon4aco3nanm2an_pa4pum2en_on5doo3nenng1hoon4guon1ico3nioon1iso5niupa3nypan4ao3nou_bri2pain4ra1oronsu4rk1hopac4tpa4ceon5umonva5_ber4ood5eood5i6rks_oop3io3ordoost5rz1scope5dop1erpa4ca_ba4g_awn4_av4i_au1down5io3pito5pon1sync_as1s_as1p_as3ctch1c_ar5so5ra_ow3elo3visov4enore5auea1mor3eioun2d_ant4orew4or4guou5etou3blo5rilor1ino1rio_ang4o3riuor2miorn2eo5rofoto5sor5pe3orrhor4seo3tisorst4o3tif_an5cor4tyo5rum_al3tos3al_af1tos4ceo4teso4tano5scros2taos4poos4paz2z3wosi4ue3pai\",","\t\t6 : \"os3ityos3itoz3ian_os4i4ey1stroos5tilos5titxquis3_am5atot3er_ot5erso3scopor3thyweek1noth3i4ot3ic_ot5icao3ticeor3thiors5enor3ougor3ityor3icaouch5i4o5ria_ani5mv1ativore5sho5realus2er__an3teover3sov4erttot3icoviti4o5v4olow3dero4r3agow5esto4posiop3ingo5phero5phanthy3sc3operaontif5on3t4ionten45paganp3agattele2gonspi4on3omyon4odipan3elpan4tyon3keyon5est3oncil_ar4tyswimm6par5diompro5par5elp4a4ripar4isomo4gepa5terst5scrpa5thy_atom5sta1tio5miniom3icaom3ic_ss3hatsky1scpear4lom3ena_ba5naol3umer1veilpedia4ped4icolli4er1treuo5liteol3ishpeli4epe4nano5lis_pen4thol3ingp4era_r1thoup4erago3li4f_bas4er1krauperme5ol5id_o3liceper3tio3lescolass4oi3terpe5tenpe5tiz_be5raoi5son_be3smphar5iphe3nooi5letph4es_oi3deroic3esph5ingr3ial_3ognizo5g2ly1o1gis3phone5phonio5geneo4gatora3mour2amenofit4tof5itera3chupi4ciepoly1eod5dedo5cureoc3ula1pole_5ocritpee2v1param4oc3raco4clamo3chetob5ingob3a3boast5eoke1st3nu3itpi5thanuf4fentu3meoerst2o3chasplas5tn3tinepli5ernti4ernter3sntre1pn4s3esplum4bnsati4npre4cns4moonon1eqnor5abpo3et5n5lessn5oniz5pointpoly5tnon4agnk3rup3nomicng1sprno5l4inois5i4n3o2dno3blenni3aln5keroppa5ran3itor3nitionis4ta5nine_ni3miznd3thrmu2dron3geripray4e5precipre5copre3emm3ma1bpre4lan5gerep3rese3press_can5cmedi2c5pri4e_ce4la3neticpris3op3rocal3chain4er5ipros3en4erarnera5bnel5iz_cit5rne4gatn5d2ifpt5a4bjanu3aign4itn3chisn5chiln5cheon4ces_nau3seid4iosna3talnas5tinan4itnanci4na5mitna5liahnau3zput3er2n1a2bhex2a3hatch1multi3hair1sm4pousg1utanmpo3rim4p1inmp5iesmphas4rach4empar5iraf5figriev1mpara5mo5seyram3et4mora_rane5oran4gemo3ny_monol4rap3er3raphymo3nizgno5morar5ef4raril1g2nacg1leadmoni3ara5vairav3elra5ziemon5gemon5etght1wemoi5sege3o1dmma5ryr5bine3fluoren1dixmis4ti_de3ra_de3rie3chasrch4err4ci4bm4inglm5ineedu2al_3miliame3tryrdi4er_des4crd3ingdi2rerme5thimet3alre5arr3mestim5ersadi2rende2ticdes3icre4cremen4temensu5re3disred5itre4facmen4dede2mosmen5acmem1o3reg3ismel5onm5e5dyme3died2d5ibren4te5mediare5pindd5a5bdata1bmba4t5cle4arma3tisma5scemar4lyre4spichs3huma5riz_dumb5re3strre4terbrus4qre3tribio1rhre5utiman3izre4valrev3elbi1orbbe2vie_eas3ire5vilba1thyman5is5maniamal4tymal4lima5linma3ligmag5inav3ioul5vet4rg3inglus3teanti1dl5umn_ltur3a_el3emltera4ltane5lp5ingloun5dans5gra2cabllos5etlor5ouric5aslo5rie_enam35ricidri4cie5lope_rid5erri3encri3ent_semi5lom3errig5an3logicril3iz5rimanlob5allm3ingrim4pell5out5rina__er4ril5linal2lin4l3le4tl3le4nriph5eliv3er_ge5og_han5k_hi3er_hon3olin3ea1l4inel4im4p_idol3_in3ci_la4cy_lath5rit3iclim4blrit5urriv5elriv3et4l4i4lli4gra_leg5elif3errk4linlid5er4lict_li4cor5licioli4atorl5ish_lig5a_mal5o_man5a_mer3c5less_rm5ersrm3ingy3thinle5sco3l4erilera5b5lene__mon3ele4matld4erild4erela4v4ar1nis44lativ_mo3rola5tanlan4telan5etlan4dllab3ic_mu5takin4dek3est_ro5filk3en4dro5ker5role__of5te4jestyys3icaron4al5izont_os4tlron4tai4v3ot_pe5tero3pelrop3ici5voreiv5il__pio5n_pre3mro4the_ran4tiv3en_rov5eliv3ellit3uati4tramr5pentrp5er__rit5ui4tismrp3ingit5ill_ros5tit3ica4i2tici5terirre4stit3era4ita5mita4bi_row5dist4lyis4ta_is4sesrsa5tiissen4is4sal_sci3erse4crrs5er_islan4rse5v2yo5netish5opis3honr4si4bis5han5iron_ir4minrtach4_self5iri3turten4diri5dei4rel4ire4de_sell5r4tieriq3uidrtil3irtil4lr4tilyr4tistiq5uefip4re4_sing4_ting4yn3chrru3e4lion3at2in4th_tin5krum3pli4no4cin3ityrun4ty_ton4aruti5nymbol5rvel4i_top5irv5er_r5vestin5geni5ness_tou5s_un3cein3cerincel45ryngei4n3auim3ulai5miniimi5lesac3riim5ida_ve5rasalar4ima5ryim3ageill5abil4istsan4deila5rai2l5am_wil5ii4ladeil3a4bsa5voright3iig3eraab5erd4ific_iff5enif5eroi3entiien5a45ie5gaidi5ou3s4cieab5latidi4arid5ianide3al4scopyab5rogid5ancic3ulaac5ardi2c5ocic3ipaic5inase2c3oi4carai4car_se4d4ei2b5riib5iteib5it_ib5ertib3eraac5aroi4ativ4ian4tse4molsen5ata5ceouh4warts5enedhus3t4s5enin4sentd4sentlsep3a34s1er_hun5kehu4min4servohro3poa5chethov5el5se5umhouse3sev3enho5senhort3eho5rishor5at3hol4ehol5arh5odizhlo3riac5robhis3elhion4ehimer4het4edsh5oldhe2s5ph5eroushort5here5aher4bahera3p3side_5sideshen5atsi5diz4signahel4lyact5ifhe3l4ihe5do55sine_h5ecathe4canad4dinsion5aad5er_har4lehard3e3sitioha5rasha3ranhan4tead3icahang5oadi4ersk5inesk5ing5hand_han4cyhan4cislith5hala3mh3ab4lsmall32g5y3n5gui5t3guard5smithad5ranaeri4eag5ellag3onia5guerso4labsol3d2so3licain5in4grada3s4on_gor5ougo5rizgondo5xpan4dait5ens5ophyal3end3g4o4ggnet4tglad5i5g4insgin5ge3g4in_spen4d2s5peog3imen5gies_3spher5giciagh5outsp5ingge5nizge4natge5lizge5lisgel4inxi5miz4gativgar5n4a5le5oga3nizgan5isga5mets5sengs4ses_fu4minfres5cfort5assi4erss5ilyfore5tfor5ayfo5ratal4ia_fon4dessur5aflo3ref5lessfis4tif1in3gstam4i5stands4ta4p5stat_fin2d5al5levs5tero4allicstew5afight5fi5del5ficie5ficiafi3cer5stickf3icena5log_st3ingf3icanama5ra5stockstom3a5stone2f3ic_3storef2f5iss4tradam5ascs4trays4tridf5fin_fend5efeath3fault5fa3thefar5thfam5is4fa4mafall5eew3inge5verbeven4ie5vengevel3oev3ellev5asteva2p5euti5let5roset3roget5rifsy5rinet3ricet5onaam5eraam5ilyami4noamor5ieti4noe5tidetai5loethod3eten4dtal5enes5urramp5enan3ageta5loge5strotan4detanta3ta5pere3ston4es2toes5times3tigta3rizestan43analy4taticta4tures4prean3arces3pertax4ises5onaes3olue5skintch5etanar4ies4i4ntead4ie2s5ima3natiande4sesh5enan3disan4dowang5iete5geres5ences5ecres5cana4n1icte2ma2tem3at3tenanwrita45erwau4tenesert3era3nieser3set5erniz4erniter4nis5ter3de4rivaan3i3fter3isan4imewo5vener3ineeri4ere3rient3ess_teth5e5ericke1ria4er3ester5esser3ent4erenea5nimier5enaer3emoth3easthe5atthe3iser5el_th5ic_th5icaere3in5thinkere5coth5odea5ninee3realan3ishan4klier4che5anniz4erandti4atoanoth5equi3lep5utat4ic1uan4scoe4probep3rehe4predans3poe4precan4surantal4e3penttim5ulep5anceo5rol3tine_eop3aran4tiewin4deap5eroen3ishen5icsen3etren5esten5esien5eroa3pheren3dicap3itae4nanten5amoem5ulaa3pituti3zen5emnize5missem5ishap5olaem5ine3tles_t5let_em1in2apor5iem3icaem5anael3op_el4labapos3te3liv3el5ishaps5esweath3e3lierel3icaar3actwa5verto3nate3libee4l1erel3egato3rietor5iza5radeelaxa4aran4gto3warelan4dej5udie5insttra5chtraci4ar5av4wa5gere5git5arbal4ar5easeg5ing4voteetrem5iar3enta5ressar5ial4tricsvor5abe3finetro5mitron5i4tronyar3iantro3sp5eficia3rieted5uloed3icae4d1erec3ulaec4tane4cremeco5roec3orae4concar5o5de4comme4cluse4clame5citeec5ifya5ronias3anta5sia_tu4nis2t3up_ecan5ce4belstur3ise4bel_eav3ene4a3tue5atifeath3ieat5eneart3eear4ilear4icear5eseam3ereal3oueal5erea5geread5iedum4be4ducts4duct_duc5eras3tenasur5adrea5rat3abl4d5outdo3natdom5izdo5lor4dlessu4bero3dles_at3alou3ble_d4is3tdirt5idi5niz3dine_at5ech5di3endi4cam1d4i3ad3ge4tud5estdev3ilde3strud3iedud3iesdes3tide2s5oat3egovis3itde4nardemor5at3en_uen4teuer4ilde5milat3eraugh3en3demicater5nuil5izdeli4ede5comde4cildecan4de4bonv3io4rd
[...]
ne":147,"column":12},"end":{"line":147,"column":23}},"70":{"start":{"line":149,"column":12},"end":{"line":149,"column":48}},"71":{"start":{"line":151,"column":12},"end":{"line":159,"column":13}},"72":{"start":{"line":152,"column":16},"end":{"line":152,"column":83}},"73":{"start":{"line":153,"column":16},"end":{"line":153,"column":81}},"74":{"start":{"line":157,"column":16},"end":{"line":157,"column":70}},"75":{"start":{"line":158,"column":16},"end":{"line":158,"column":68}},"76":{"start":{"line":161,"column":12},"end":{"line":171,"column":13}},"77":{"start":{"line":162,"column":16},"end":{"line":162,"column":39}},"78":{"start":{"line":163,"column":16},"end":{"line":163,"column":43}},"79":{"start":{"line":165,"column":16},"end":{"line":165,"column":44}},"80":{"start":{"line":166,"column":16},"end":{"line":166,"column":53}},"81":{"start":{"line":167,"column":16},"end":{"line":167,"column":53}},"82":{"start":{"line":169,"column":16},"end":{"line":169,"column":41}},"83":{"start":{"line":170,"column":16},"end":{"line":170,"column":46}},"84":{"start":{"line":173,"column":12},"end":{"line":173,"column":38}},"85":{"start":{"line":176,"column":8},"end":{"line":176,"column":20}},"86":{"start":{"line":181,"column":4},"end":{"line":181,"column":79}}},"branchMap":{"1":{"line":2,"type":"if","locations":[{"start":{"line":2,"column":8},"end":{"line":2,"column":8}},{"start":{"line":2,"column":8},"end":{"line":2,"column":8}}]},"2":{"line":2,"type":"binary-expr","locations":[{"start":{"line":2,"column":12},"end":{"line":2,"column":40}},{"start":{"line":2,"column":44},"end":{"line":2,"column":54}}]},"3":{"line":5,"type":"if","locations":[{"start":{"line":5,"column":13},"end":{"line":5,"column":13}},{"start":{"line":5,"column":13},"end":{"line":5,"column":13}}]},"4":{"line":5,"type":"binary-expr","locations":[{"start":{"line":5,"column":17},"end":{"line":5,"column":46}},{"start":{"line":5,"column":50},"end":{"line":5,"column":64}}]},"5":{"line":31,"type":"if","locations":[{"start":{"line":31,"column":12},"end":{"line":31,"column":12}},{"start":{"line":31,"column":12},"end":{"line":31,"column":12}}]},"6":{"line":50,"type":"binary-expr","locations":[{"start":{"line":50,"column":31},"end":{"line":50,"column":38}},{"start":{"line":50,"column":42},"end":{"line":50,"column":53}},{"start":{"line":50,"column":57},"end":{"line":50,"column":106}}]},"7":{"line":58,"type":"if","locations":[{"start":{"line":58,"column":16},"end":{"line":58,"column":16}},{"start":{"line":58,"column":16},"end":{"line":58,"column":16}}]},"8":{"line":61,"type":"if","locations":[{"start":{"line":61,"column":20},"end":{"line":61,"column":20}},{"start":{"line":61,"column":20},"end":{"line":61,"column":20}}]},"9":{"line":71,"type":"binary-expr","locations":[{"start":{"line":71,"column":29},"end":{"line":71,"column":41}},{"start":{"line":71,"column":45},"end":{"line":71,"column":53}}]},"10":{"line":73,"type":"if","locations":[{"start":{"line":73,"column":16},"end":{"line":73,"column":16}},{"start":{"line":73,"column":16},"end":{"line":73,"column":16}}]},"11":{"line":75,"type":"if","locations":[{"start":{"line":75,"column":20},"end":{"line":75,"column":20}},{"start":{"line":75,"column":20},"end":{"line":75,"column":20}}]},"12":{"line":87,"type":"switch","locations":[{"start":{"line":88,"column":20},"end":{"line":92,"column":30}},{"start":{"line":94,"column":20},"end":{"line":98,"column":30}}]},"13":{"line":89,"type":"if","locations":[{"start":{"line":89,"column":24},"end":{"line":89,"column":24}},{"start":{"line":89,"column":24},"end":{"line":89,"column":24}}]},"14":{"line":95,"type":"if","locations":[{"start":{"line":95,"column":24},"end":{"line":95,"column":24}},{"start":{"line":95,"column":24},"end":{"line":95,"column":24}}]},"15":{"line":102,"type":"if","locations":[{"start":{"line":102,"column":12},"end":{"line":102,"column":12}},{"start":{"line":102,"column":12},"end":{"line":102,"column":12}}]},"16":{"line":135,"type":"if","locations":[{"start":{"line":135,"column":16},"end":{"line":135,"column":16}},{"start":{"line":135,"column":16},"end":{"line":135,"column":16}}]},"17":{"line":151,"type":"if","locations":[{"start":{"line":151,"column":12},"end":{"line":151,"column":12}},{"start":{"line":151,"column":12},"end":{"line":151,"column":12}}]}},"code":["    (function (name, context, definition) {","        if (typeof define === 'function' && define.amd) {","            define(definition);","        }","        else if (typeof module !== 'undefined' && module.exports) {","            module.exports = definition();","        }","        else {","            context[name] = definition();","        }","    })('Tabs', this, function() {","","        'use strict';","","        /**","         * Tabs","         * @constructor","         * @param {HTMLElement} element","         */","        function Tabs(element) {","            var i, len;","","            this.target = element;","            this.tabs = element.querySelectorAll('[data-behaviour=tab]');","            this.panels = [];","","            for (i = 0, len = this.tabs.length; i < len; i++) {","                this.panels.push( document.getElementById(this.tabs[i].hash.replace('#', '')) );","            }","","            if (this.selectedIndex === undefined) {","                this._init();","            }","        }","","        /**","         * Init","         * @private","         */","        Tabs.prototype._init = function() {","            var i;","            var self = this;","","            this.target.setAttribute('role', 'tablist');","","            for (i = this.tabs.length - 1; i >= 0; i--) {","                var tab = this.tabs[i];","                var panel = this.panels[i];","                var preSelected = tab.className.match(/\\bis-selected\\b/);","                var selected = i === 0 || preSelected || window.location.hash.replace('#', '') == panel.id;","","                tab.setAttribute('role', 'tab');","                tab.setAttribute('aria-selected', selected);","                tab.setAttribute('aria-controls', tab.hash.replace('#', ''));","","                panel.setAttribute('role', 'tabpanel');","","                if (selected) {","                    this.selectedIndex = i;","","                    if (!preSelected) {","                        tab.className+= ' is-selected ';","                    }","                }","                else {","                    panel.style.display = 'none';","                }","            }","","            this.clickHandler = function(e) {","                var target = e.srcElement || e.target;","","                if (target.getAttribute('role') == 'tab') {","","                    if (e.preventDefault) {","                        e.preventDefault();","                    }","                    else {","                        e.returnValue = false;","                    }","","                    self.toggle(target);","                }","            };","","            this.keyHandler = function(e) {","                switch(e.keyCode) {","                    case 37:","                        if (self.tabs[self.selectedIndex - 1]) {","                            self.toggle(self.tabs[self.selectedIndex - 1]);","                        }","                        break;","","                    case 39:","                        if (self.tabs[self.selectedIndex + 1]) {","                            self.toggle(self.tabs[self.selectedIndex + 1]);","                        }","                        break;","                }","            };","","            if (this.target.addEventListener) {","                this.target.addEventListener('click', this.clickHandler, false);","                this.target.addEventListener('keyup', this.keyHandler, false);","            }","            else {","                this.target.attachEvent('onclick', this.clickHandler);","                this.target.attachEvent('onclick', this.keyHandler);","            }","","        };","","        /**","         * Toggle","         * @param {HTMLElement} tab","         */","        Tabs.prototype.toggle = function(tab) {","            var i, len;","            var panel = document.getElementById(tab.hash.replace('#', ''));","","            tab.focus();","","            this.tabs[this.selectedIndex].className = this.tabs[this.selectedIndex].className.replace('is-selected', '');","            this.tabs[this.selectedIndex].setAttribute('aria-selected', false);","","            this.panels[this.selectedIndex].style.display = 'none';","","            tab.className+= ' is-selected ';","            tab.setAttribute('aria-selected', true);","","            panel.style.display = '';","","            // Find tab index","            for (i = 0, len = this.tabs.length; i < len; i++) {","                if (tab == this.tabs[i]) {","                    break;","                }","            }","","            this.selectedIndex = i;","        };","","        /**","         * Teardown","         */","        Tabs.prototype.teardown = function() {","            var i, len;","","            this.target.removeAttribute('role');","","            if (this.target.removeEventListener) {","                this.target.removeEventListener('click', this.clickHandler, false);","                this.target.removeEventListener('click', this.keyHandler, false);","            }","            else {","                // Presume legacy IE","                this.target.detachEvent('onclick', this.clickHandler);","                this.target.detachEvent('onclick', this.keyHandler);","            }","","            for (i = 0, len = this.tabs.length; i < len; i++) {","                var tab = this.tabs[i];","                var panel = this.panels[i];","","                tab.removeAttribute('role');","                tab.removeAttribute('aria-selected');","                tab.removeAttribute('aria-controls');","","                panel.style.display = '';","                panel.removeAttribute('role');","            }","","            delete this.selectedIndex;","        };","","        return Tabs;","","    });","","    // You were going to wrap the above as an AMD/CommonJS module and load on demand, right?","    var instance = new Tabs( document.querySelector('[data-directive=tabs]') );"],"l":{"1":2,"2":2,"3":0,"5":2,"6":2,"9":0,"20":1,"21":0,"23":0,"24":0,"25":0,"27":0,"28":0,"31":0,"32":0,"40":2,"41":0,"42":0,"44":0,"46":0,"47":0,"48":0,"49":0,"50":0,"52":0,"53":0,"54":0,"56":0,"58":0,"59":0,"61":0,"62":0,"66":0,"70":0,"71":0,"73":0,"75":0,"76":0,"79":0,"82":0,"86":0,"87":0,"89":0,"90":0,"92":0,"95":0,"96":0,"98":0,"102":0,"103":0,"104":0,"107":0,"108":0,"117":2,"118":0,"119":0,"121":0,"123":0,"124":0,"126":0,"128":0,"129":0,"131":0,"134":0,"135":0,"136":0,"140":0,"146":2,"147":0,"149":0,"151":0,"152":0,"153":0,"157":0,"158":0,"161":0,"162":0,"163":0,"165":0,"166":0,"167":0,"169":0,"170":0,"173":0,"176":2,"181":2}},"/home/travis/build/npmtest/node-npmtest-typeset/node_modules/typeset/src/cmd.js":{"path":"/home/travis/build/npmtest/node-npmtest-typeset/node_modules/typeset/src/cmd.js","s":{"1":1,"2":1,"3":1,"4":1,"5":0,"6":0,"7":1,"8":1,"9":1,"10":1,"11":1,"12":0,"13":0,"14":0,"15":0,"16":0,"17":0,"18":0,"19":0,"20":0,"21":0,"22":0,"23":1,"24":1,"25":1,"26":0,"27":1,"28":0},"b":{"1":[1,1],"2":[1,1],"3":[1,1],"4":[1,1],"5":[1,1],"6":[0,1],"7":[0,0],"8":[0,0],"9":[0,0]},"f":{"1":0,"2":0,"3":0,"4":0,"5":0,"6":0},"fnMap":{"1":{"name":"list","line":7,"loc":{"start":{"line":7,"column":0},"end":{"line":7,"column":19}}},"2":{"name":"(anonymous_2)","line":8,"loc":{"start":{"line":8,"column":28},"end":{"line":8,"column":40}}},"3":{"name":"(anonymous_3)","line":37,"loc":{"start":{"line":37,"column":25},"end":{"line":37,"column":45}}},"4":{"name":"(anonymous_4)","line":45,"loc":{"start":{"line":45,"column":43},"end":{"line":45,"column":57}}},"5":{"name":"(anonymous_5)","line":63,"loc":{"start":{"line":63,"column":25},"end":{"line":63,"column":40}}},"6":{"name":"(anonymous_6)","line":67,"loc":{"start":{"line":67,"column":24},"end":{"line":67,"column":39}}}},"statementMap":{"1":{"start":{"line":2,"column":0},"end":{"line":2,"column":23}},"2":{"start":{"line":3,"column":0},"end":{"line":3,"column":35}},"3":{"start":{"line":4,"column":0},"end":{"line":4,"column":36}},"4":{"start":{"line":7,"column":0},"end":{"line":9,"column":1}},"5":{"start":{"line":8,"column":2},"end":{"line":8,"column":62}},"6":{"start":{"line":8,"column":42},"end":{"line":8,"column":58}},"7":{"start":{"line":12,"column":0},"end":{"line":25,"column":24}},"8":{"start":{"line":27,"column":0},"end":{"line":27,"column":40}},"9":{"start":{"line":28,"column":0},"end":{"line":28,"column":41}},"10":{"start":{"line":30,"column":0},"end":{"line":34,"column":2}},"11":{"start":{"line":36,"column":0},"end":{"line":57,"column":1}},"12":{"start":{"line":37,"column":2},"end":{"line":56,"column":5}},"13":{"start":{"line":39,"column":4},"end":{"line":39,"column":23}},"14":{"start":{"line":39,"column":13},"end":{"line":39,"column":23}},"15":{"start":{"line":41,"column":4},"end":{"line":41,"column":44}},"16":{"start":{"line":43,"column":4},"end":{"line":54,"column":5}},"17":{"start":{"line":45,"column":6},"end":{"line":48,"column":9}},"18":{"start":{"line":46,"column":8},"end":{"line":46,"column":27}},"19":{"start":{"line":46,"column":17},"end":{"line":46,"column":27}},"20":{"start":{"line":47,"column":8},"end":{"line":47,"column":24}},"21":{"start":{"line":52,"column":6},"end":{"line":52,"column":30}},"22":{"start":{"line":53,"column":6},"end":{"line":53,"column":22}},"23":{"start":{"line":59,"column":0},"end":{"line":59,"column":23}},"24":{"start":{"line":60,"column":0},"end":{"line":60,"column":34}},"25":{"start":{"line":63,"column":0},"end":{"line":65,"column":3}},"26":{"start":{"line":64,"column":2},"end":{"line":64,"column":47}},"27":{"start":{"line":67,"column":0},"end":{"line":69,"column":3}},"28":{"start":{"line":68,"column":2},"end":{"line":68,"column":18}}},"branchMap":{"1":{"line":27,"type":"binary-expr","locations":[{"start":{"line":27,"column":16},"end":{"line":27,"column":31}},{"start":{"line":27,"column":35},"end":{"line":27,"column":39}}]},"2":{"line":28,"type":"binary-expr","locations":[{"start":{"line":28,"column":17},"end":{"line":28,"column":32}},{"start":{"line":28,"column":36},"end":{"line":28,"column":40}}]},"3":{"line":31,"type":"binary-expr","locations":[{"start":{"line":31,"column":10},"end":{"line":31,"column":24}},{"start":{"line":31,"column":28},"end":{"line":31,"column":30}}]},"4":{"line":32,"type":"binary-expr","locations":[{"start":{"line":32,"column":8},"end":{"line":32,"column":20}},{"start":{"line":32,"column":24},"end":{"line":32,"column":26}}]},"5":{"line":33,"type":"binary-expr","locations":[{"start":{"line":33,"column":11},"end":{"line":33,"column":26}},{"start":{"line":33,"column":30},"end":{"line":33,"column":32}}]},"6":{"line":36,"type":"if","locations":[{"start":{"line":36,"column":0},"end":{"line":36,"column":0}},{"start":{"line":36,"column":0},"end":{"line":36,"column":0}}]},"7":{"line":39,"type":"if","locations":[{"start":{"line":39,"column":4},"end":{"line":39,"column":4}},{"start":{"line":39,"column":4},"end":{"line":39,"column":4}}]},"8":{"line":43,"type":"if","locations":[{"start":{"line":43,"column":4},"end":{"line":43,"column":4}},{"start":{"line":43,"column":4},"end":{"line":43,"column":4}}]},"9":{"line":46,"type":"if","locations":[{"start":{"line":46,"column":8},"end":{"line":46,"column":8}},{"start":{"line":46,"column":8},"end":{"line":46,"column":8}}]}},"code":["//#!/usr/bin/env node","var fs = require('fs');","var program = require('commander');","var typeset = require('./index.js');","","// Convert comma-separated string into an array of strings","function list(val) {","  return val.split(',').map(function(s) { return s.trim(); });","}","","// CLI","program","  .version(require('../package.json').version)","  .usage('[options] [<infile> [<outfile>]]')","  .option(","    '-i, --ignore <string containing selectors to ignore>',","    'string of CSS selector(s) to ignore'","  ).option(","    '-O, --only <string containing selectors to parse>',","    'string of CSS selector(s) to exclusively apply typeset to'","  ).option(","    '--disable <list of typeset feature(s) to disable>',","    'string of typeset feature(s) to disable, separated by commas',","    list","  ).parse(process.argv);","","var inputFile = program.args[0] || null;","var outputFile = program.args[1] || null;","","var options = {","  ignore: program.ignore || '',","  only: program.only || '',","  disable: program.disable || [],","};","","if (inputFile) {","  fs.readFile(inputFile, function(err, data) {","","    if (err) throw err;","","    var outputHTML = typeset(data, options);","","    if (outputFile) {","","      fs.writeFile(outputFile, outputHTML, function(err) {","        if (err) throw err;","        process.exit(0);","      });","","    } else {","      // print output to stdout by default","      console.log(outputHTML);","      process.exit(0);","    }","","  });","}","","process.stdin.resume();","process.stdin.setEncoding('utf8');","","// Process input from stdin","process.stdin.on('data', function(data) {","  process.stdout.write(typeset(data, options));","});","","process.stdin.on('end', function(data) {","  process.exit(0);","});",""],"l":{"2":1,"3":1,"4":1,"7":1,"8":0,"12":1,"27":1,"28":1,"30":1,"36":1,"37":0,"39":0,"41":0,"43":0,"45":0,"46":0,"47":0,"52":0,"53":0,"59":1,"60":1,"63":1,"64":0,"67":1,"68":0}},"/home/travis/build/npmtest/node-npmtest-typeset/node_modules/typeset/webpack.config.js":{"path":"/home/travis/build/npmtest/node-npmtest-typeset/node_modules/typeset/webpack.config.js","s":{"1":2,"2":0,"3":0,"4":0,"5":0,"6":0,"7":0},"b":{"1":[0,0],"2":[0,0,0]},"f":{},"fnMap":{},"statementMap":{"1":{"start":{"line":1,"column":0},"end":{"line":1,"column":33}},"2":{"start":{"line":2,"column":0},"end":{"line":2,"column":36}},"3":{"start":{"line":3,"column":0},"end":{"line":3,"column":28}},"4":{"start":{"line":5,"column":0},"end":{"line":11,"column":13}},"5":{"start":{"line":13,"column":0},"end":{"line":20,"column":2}},"6":{"start":{"line":22,"column":0},"end":{"line":30,"column":1}},"7":{"start":{"line":35,"column":0},"end":{"line":48,"column":1}}},"branchMap":{"1":{"line":41,"type":"cond-expr","locations":[{"start":{"line":41,"column":21},"end":{"line":41,"column":37}},{"start":{"line":41,"column":40},"end":{"line":41,"column":52}}]},"2":{"line":47,"type":"binary-expr","locations":[{"start":{"line":47,"column":11},"end":{"line":47,"column":15}},{"start":{"line":47,"column":19},"end":{"line":47,"column":30}},{"start":{"line":47,"column":34},"end":{"line":47,"column":44}}]}},"code":["var webpack = require('webpack');","var pkg = require('./package.json');","var PROD = process.env.PROD;","","var banner = [","  pkg.name + ' - ' + pkg.description,","  '@version v' + pkg.version,","  '@link ' + pkg.homepage,","  '@author ' + pkg.author,","  '@license ' + pkg.license","].join('\\n');","","var devPlugins = [","  new webpack.BannerPlugin(banner),","  new webpack.DefinePlugin({","    'ENV': {","      browser: true","    }","  })","];","","var prodPlugins = [","  new webpack.BannerPlugin(banner),","  new webpack.DefinePlugin({","    'ENV': {","      browser: true","    }","  }),","  new webpack.optimize.UglifyJsPlugin({minimize: true})","]","","// webpack.config.js","// Configuration for build typeset with browser support","// jQuery is a external dependency","module.exports = {","  entry: __dirname + '/src/index.js',","  devtool: 'source-map',","  output: {","    library: pkg.name,","    path: __dirname + '/build',","    filename: PROD ? \"typeset.min.js\" : 'typeset.js'","  },","  externals: {","    cheerio: 'jQuery', //TODO I think there should be another way to avoid require cheerio","    jquery: 'jQuery'","  },","  plugins: PROD && prodPlugins || devPlugins","}",""],"l":{"1":2,"2":0,"3":0,"5":0,"13":0,"22":0,"35":0}}}